{
  "/Users/se/www/maintined/rkta-ui/src/Theme/Context.js": {
    "path": "/Users/se/www/maintined/rkta-ui/src/Theme/Context.js",
    "statementMap": {},
    "fnMap": {
      "0": {
        "name": "(anonymous_0)",
        "decl": { "start": { "line": 8, "column": 2 }, "end": { "line": 8, "column": 3 } },
        "loc": { "start": { "line": 8, "column": 16 }, "end": { "line": 8, "column": 18 } },
        "line": 8
      },
      "1": {
        "name": "(anonymous_1)",
        "decl": { "start": { "line": 9, "column": 2 }, "end": { "line": 9, "column": 3 } },
        "loc": { "start": { "line": 9, "column": 13 }, "end": { "line": 9, "column": 15 } },
        "line": 9
      }
    },
    "branchMap": {},
    "s": {},
    "f": { "0": 0, "1": 0 },
    "b": {},
    "_coverageSchema": "43e27e138ebf9cfc5966b082cf9a028302ed4184",
    "hash": "dfda8948e65e541756adf6866681cd600d815a8d"
  },
  "/Users/se/www/maintined/rkta-ui/src/Theme/color.js": {
    "path": "/Users/se/www/maintined/rkta-ui/src/Theme/color.js",
    "statementMap": {
      "0": { "start": { "line": 1, "column": 23 }, "end": { "line": 1, "column": 32 } },
      "1": { "start": { "line": 2, "column": 24 }, "end": { "line": 2, "column": 33 } },
      "2": { "start": { "line": 3, "column": 24 }, "end": { "line": 3, "column": 33 } },
      "3": { "start": { "line": 5, "column": 25 }, "end": { "line": 5, "column": 34 } },
      "4": { "start": { "line": 6, "column": 26 }, "end": { "line": 6, "column": 35 } },
      "5": { "start": { "line": 8, "column": 20 }, "end": { "line": 8, "column": 29 } },
      "6": { "start": { "line": 9, "column": 23 }, "end": { "line": 9, "column": 41 } },
      "7": { "start": { "line": 11, "column": 21 }, "end": { "line": 11, "column": 30 } },
      "8": { "start": { "line": 12, "column": 22 }, "end": { "line": 12, "column": 31 } },
      "9": { "start": { "line": 13, "column": 22 }, "end": { "line": 13, "column": 31 } },
      "10": { "start": { "line": 14, "column": 22 }, "end": { "line": 14, "column": 31 } },
      "11": { "start": { "line": 16, "column": 23 }, "end": { "line": 16, "column": 32 } },
      "12": { "start": { "line": 17, "column": 23 }, "end": { "line": 17, "column": 32 } },
      "13": { "start": { "line": 20, "column": 21 }, "end": { "line": 37, "column": 1 } }
    },
    "fnMap": {},
    "branchMap": {},
    "s": {
      "0": 1,
      "1": 1,
      "2": 1,
      "3": 1,
      "4": 1,
      "5": 1,
      "6": 1,
      "7": 1,
      "8": 1,
      "9": 1,
      "10": 1,
      "11": 1,
      "12": 1,
      "13": 1
    },
    "f": {},
    "b": {},
    "_coverageSchema": "43e27e138ebf9cfc5966b082cf9a028302ed4184",
    "hash": "d5c42e8e244b2f40d99aba15ab9098284176826c"
  },
  "/Users/se/www/maintined/rkta-ui/src/Theme/defaultRenderrer.jsx": {
    "path": "/Users/se/www/maintined/rkta-ui/src/Theme/defaultRenderrer.jsx",
    "statementMap": {
      "0": { "start": { "line": 3, "column": 25 }, "end": { "line": 6, "column": 1 } },
      "1": { "start": { "line": 4, "column": 2 }, "end": { "line": 4, "column": 67 } },
      "2": { "start": { "line": 4, "column": 12 }, "end": { "line": 4, "column": 67 } },
      "3": { "start": { "line": 5, "column": 2 }, "end": { "line": 5, "column": 33 } }
    },
    "fnMap": {
      "0": {
        "name": "(anonymous_0)",
        "decl": { "start": { "line": 3, "column": 25 }, "end": { "line": 3, "column": 26 } },
        "loc": { "start": { "line": 3, "column": 59 }, "end": { "line": 6, "column": 1 } },
        "line": 3
      }
    },
    "branchMap": {
      "0": {
        "loc": { "start": { "line": 4, "column": 2 }, "end": { "line": 4, "column": 67 } },
        "type": "if",
        "locations": [
          { "start": { "line": 4, "column": 2 }, "end": { "line": 4, "column": 67 } },
          { "start": { "line": 4, "column": 2 }, "end": { "line": 4, "column": 67 } }
        ],
        "line": 4
      }
    },
    "s": { "0": 1, "1": 0, "2": 0, "3": 0 },
    "f": { "0": 0 },
    "b": { "0": [0, 0] },
    "_coverageSchema": "43e27e138ebf9cfc5966b082cf9a028302ed4184",
    "hash": "040dcc948ab367329d47e3f207a222c60f780693"
  },
  "/Users/se/www/maintined/rkta-ui/src/Theme/defaultTheme.jsx": {
    "path": "/Users/se/www/maintined/rkta-ui/src/Theme/defaultTheme.jsx",
    "statementMap": {},
    "fnMap": {},
    "branchMap": {},
    "s": {},
    "f": {},
    "b": {},
    "_coverageSchema": "43e27e138ebf9cfc5966b082cf9a028302ed4184",
    "hash": "100eb53e5546fd6e08b73f5c9b0abe9b58f15913"
  },
  "/Users/se/www/maintined/rkta-ui/src/Theme/withStyle.jsx": {
    "path": "/Users/se/www/maintined/rkta-ui/src/Theme/withStyle.jsx",
    "statementMap": {
      "0": { "start": { "line": 7, "column": 21 }, "end": { "line": 23, "column": 1 } },
      "1": { "start": { "line": 8, "column": 38 }, "end": { "line": 8, "column": 60 } },
      "2": { "start": { "line": 9, "column": 35 }, "end": { "line": 20, "column": 3 } },
      "3": { "start": { "line": 11, "column": 20 }, "end": { "line": 11, "column": 30 } },
      "4": { "start": { "line": 12, "column": 6 }, "end": { "line": 13, "column": 80 } },
      "5": { "start": { "line": 12, "column": 43 }, "end": { "line": 12, "column": 85 } },
      "6": { "start": { "line": 13, "column": 11 }, "end": { "line": 13, "column": 80 } },
      "7": { "start": { "line": 13, "column": 33 }, "end": { "line": 13, "column": 80 } },
      "8": { "start": { "line": 14, "column": 6 }, "end": { "line": 14, "column": 17 } },
      "9": { "start": { "line": 21, "column": 14 }, "end": { "line": 21, "column": 44 } },
      "10": { "start": { "line": 22, "column": 2 }, "end": { "line": 22, "column": 58 } },
      "11": { "start": { "line": 25, "column": 18 }, "end": { "line": 28, "column": 1 } },
      "12": { "start": { "line": 26, "column": 2 }, "end": { "line": 26, "column": 90 } },
      "13": { "start": { "line": 26, "column": 36 }, "end": { "line": 26, "column": 90 } },
      "14": { "start": { "line": 27, "column": 2 }, "end": { "line": 27, "column": 39 } },
      "15": { "start": { "line": 30, "column": 18 }, "end": { "line": 45, "column": 1 } },
      "16": { "start": { "line": 31, "column": 26 }, "end": { "line": 31, "column": 33 } },
      "17": { "start": { "line": 32, "column": 20 }, "end": { "line": 40, "column": 4 } },
      "18": { "start": { "line": 33, "column": 4 }, "end": { "line": 39, "column": 23 } },
      "19": { "start": { "line": 35, "column": 8 }, "end": { "line": 35, "column": 65 } },
      "20": { "start": { "line": 36, "column": 23 }, "end": { "line": 36, "column": 56 } },
      "21": { "start": { "line": 37, "column": 8 }, "end": { "line": 37, "column": 83 } },
      "22": { "start": { "line": 41, "column": 2 }, "end": { "line": 41, "column": 34 } },
      "23": { "start": { "line": 42, "column": 2 }, "end": { "line": 42, "column": 38 } },
      "24": { "start": { "line": 43, "column": 2 }, "end": { "line": 43, "column": 48 } },
      "25": { "start": { "line": 44, "column": 2 }, "end": { "line": 44, "column": 19 } }
    },
    "fnMap": {
      "0": {
        "name": "(anonymous_0)",
        "decl": { "start": { "line": 7, "column": 21 }, "end": { "line": 7, "column": 22 } },
        "loc": { "start": { "line": 7, "column": 72 }, "end": { "line": 23, "column": 1 } },
        "line": 7
      },
      "1": {
        "name": "(anonymous_1)",
        "decl": { "start": { "line": 10, "column": 4 }, "end": { "line": 10, "column": 5 } },
        "loc": { "start": { "line": 10, "column": 18 }, "end": { "line": 15, "column": 5 } },
        "line": 10
      },
      "2": {
        "name": "(anonymous_2)",
        "decl": { "start": { "line": 25, "column": 18 }, "end": { "line": 25, "column": 19 } },
        "loc": { "start": { "line": 25, "column": 56 }, "end": { "line": 28, "column": 1 } },
        "line": 25
      },
      "3": {
        "name": "(anonymous_3)",
        "decl": { "start": { "line": 30, "column": 18 }, "end": { "line": 30, "column": 19 } },
        "loc": { "start": { "line": 30, "column": 36 }, "end": { "line": 45, "column": 1 } },
        "line": 30
      },
      "4": {
        "name": "(anonymous_4)",
        "decl": { "start": { "line": 32, "column": 31 }, "end": { "line": 32, "column": 32 } },
        "loc": { "start": { "line": 33, "column": 4 }, "end": { "line": 39, "column": 23 } },
        "line": 33
      },
      "5": {
        "name": "(anonymous_5)",
        "decl": { "start": { "line": 34, "column": 7 }, "end": { "line": 34, "column": 8 } },
        "loc": { "start": { "line": 34, "column": 61 }, "end": { "line": 38, "column": 7 } },
        "line": 34
      }
    },
    "branchMap": {
      "0": {
        "loc": { "start": { "line": 12, "column": 6 }, "end": { "line": 13, "column": 80 } },
        "type": "if",
        "locations": [
          { "start": { "line": 12, "column": 6 }, "end": { "line": 13, "column": 80 } },
          { "start": { "line": 12, "column": 6 }, "end": { "line": 13, "column": 80 } }
        ],
        "line": 12
      },
      "1": {
        "loc": { "start": { "line": 12, "column": 10 }, "end": { "line": 12, "column": 41 } },
        "type": "binary-expr",
        "locations": [
          { "start": { "line": 12, "column": 10 }, "end": { "line": 12, "column": 24 } },
          { "start": { "line": 12, "column": 28 }, "end": { "line": 12, "column": 41 } }
        ],
        "line": 12
      },
      "2": {
        "loc": { "start": { "line": 13, "column": 11 }, "end": { "line": 13, "column": 80 } },
        "type": "if",
        "locations": [
          { "start": { "line": 13, "column": 11 }, "end": { "line": 13, "column": 80 } },
          { "start": { "line": 13, "column": 11 }, "end": { "line": 13, "column": 80 } }
        ],
        "line": 13
      },
      "3": {
        "loc": { "start": { "line": 26, "column": 2 }, "end": { "line": 26, "column": 90 } },
        "type": "if",
        "locations": [
          { "start": { "line": 26, "column": 2 }, "end": { "line": 26, "column": 90 } },
          { "start": { "line": 26, "column": 2 }, "end": { "line": 26, "column": 90 } }
        ],
        "line": 26
      },
      "4": {
        "loc": { "start": { "line": 36, "column": 23 }, "end": { "line": 36, "column": 56 } },
        "type": "binary-expr",
        "locations": [
          { "start": { "line": 36, "column": 23 }, "end": { "line": 36, "column": 36 } },
          { "start": { "line": 36, "column": 40 }, "end": { "line": 36, "column": 56 } }
        ],
        "line": 36
      },
      "5": {
        "loc": { "start": { "line": 37, "column": 57 }, "end": { "line": 37, "column": 75 } },
        "type": "binary-expr",
        "locations": [
          { "start": { "line": 37, "column": 57 }, "end": { "line": 37, "column": 60 } },
          { "start": { "line": 37, "column": 64 }, "end": { "line": 37, "column": 75 } }
        ],
        "line": 37
      }
    },
    "s": {
      "0": 1,
      "1": 0,
      "2": 0,
      "3": 0,
      "4": 0,
      "5": 0,
      "6": 0,
      "7": 0,
      "8": 0,
      "9": 0,
      "10": 0,
      "11": 1,
      "12": 0,
      "13": 0,
      "14": 0,
      "15": 1,
      "16": 15,
      "17": 15,
      "18": 0,
      "19": 0,
      "20": 0,
      "21": 0,
      "22": 15,
      "23": 15,
      "24": 15,
      "25": 15
    },
    "f": { "0": 0, "1": 0, "2": 0, "3": 15, "4": 0, "5": 0 },
    "b": { "0": [0, 0], "1": [0, 0], "2": [0, 0], "3": [0, 0], "4": [0, 0], "5": [0, 0] },
    "_coverageSchema": "43e27e138ebf9cfc5966b082cf9a028302ed4184",
    "hash": "2f05ae8865faae9f6141381b4cff1665d6266370"
  },
  "/Users/se/www/maintined/rkta-ui/src/atoms/index.js": {
    "path": "/Users/se/www/maintined/rkta-ui/src/atoms/index.js",
    "statementMap": {},
    "fnMap": {},
    "branchMap": {},
    "s": {},
    "f": {},
    "b": {},
    "_coverageSchema": "43e27e138ebf9cfc5966b082cf9a028302ed4184",
    "hash": "ea88c93e533a2021bd80c7e6bf887592fab98253"
  },
  "/Users/se/www/maintined/rkta-ui/src/atoms/Addon/index.jsx": {
    "path": "/Users/se/www/maintined/rkta-ui/src/atoms/Addon/index.jsx",
    "statementMap": {
      "0": { "start": { "line": 7, "column": 14 }, "end": { "line": 11, "column": 1 } },
      "1": { "start": { "line": 8, "column": 2 }, "end": { "line": 10, "column": 9 } },
      "2": { "start": { "line": 13, "column": 0 }, "end": { "line": 13, "column": 28 } },
      "3": { "start": { "line": 14, "column": 0 }, "end": { "line": 16, "column": 2 } },
      "4": { "start": { "line": 17, "column": 0 }, "end": { "line": 17, "column": 24 } }
    },
    "fnMap": {
      "0": {
        "name": "(anonymous_0)",
        "decl": { "start": { "line": 7, "column": 14 }, "end": { "line": 7, "column": 15 } },
        "loc": { "start": { "line": 8, "column": 2 }, "end": { "line": 10, "column": 9 } },
        "line": 8
      }
    },
    "branchMap": {},
    "s": { "0": 1, "1": 0, "2": 1, "3": 1, "4": 1 },
    "f": { "0": 0 },
    "b": {},
    "_coverageSchema": "43e27e138ebf9cfc5966b082cf9a028302ed4184",
    "hash": "e666628243b37801938f21e00822e41e227af0f7"
  },
  "/Users/se/www/maintined/rkta-ui/src/atoms/Addon/style.js": {
    "path": "/Users/se/www/maintined/rkta-ui/src/atoms/Addon/style.js",
    "statementMap": {},
    "fnMap": {},
    "branchMap": {},
    "s": {},
    "f": {},
    "b": {},
    "_coverageSchema": "43e27e138ebf9cfc5966b082cf9a028302ed4184",
    "hash": "6d95f7daf957df09388b3ccedb54959487cbfb29"
  },
  "/Users/se/www/maintined/rkta-ui/src/atoms/Atom/index.jsx": {
    "path": "/Users/se/www/maintined/rkta-ui/src/atoms/Atom/index.jsx",
    "statementMap": {
      "0": { "start": { "line": 4, "column": 13 }, "end": { "line": 13, "column": 39 } },
      "1": { "start": { "line": 13, "column": 6 }, "end": { "line": 13, "column": 39 } },
      "2": { "start": { "line": 15, "column": 0 }, "end": { "line": 15, "column": 39 } },
      "3": { "start": { "line": 17, "column": 15 }, "end": { "line": 17, "column": 45 } },
      "4": { "start": { "line": 17, "column": 41 }, "end": { "line": 17, "column": 44 } },
      "5": { "start": { "line": 18, "column": 0 }, "end": { "line": 18, "column": 28 } }
    },
    "fnMap": {
      "0": {
        "name": "(anonymous_0)",
        "decl": { "start": { "line": 4, "column": 13 }, "end": { "line": 4, "column": 14 } },
        "loc": { "start": { "line": 13, "column": 6 }, "end": { "line": 13, "column": 39 } },
        "line": 13
      },
      "1": {
        "name": "(anonymous_1)",
        "decl": { "start": { "line": 17, "column": 28 }, "end": { "line": 17, "column": 29 } },
        "loc": { "start": { "line": 17, "column": 41 }, "end": { "line": 17, "column": 44 } },
        "line": 17
      }
    },
    "branchMap": {},
    "s": { "0": 1, "1": 0, "2": 1, "3": 1, "4": 0, "5": 1 },
    "f": { "0": 0, "1": 0 },
    "b": {},
    "_coverageSchema": "43e27e138ebf9cfc5966b082cf9a028302ed4184",
    "hash": "f439a83b38765cac6601b64c27cb7cf1817e45e9"
  },
  "/Users/se/www/maintined/rkta-ui/src/atoms/Bage/index.jsx": {
    "path": "/Users/se/www/maintined/rkta-ui/src/atoms/Bage/index.jsx",
    "statementMap": {
      "0": { "start": { "line": 6, "column": 13 }, "end": { "line": 6, "column": 66 } },
      "1": { "start": { "line": 6, "column": 22 }, "end": { "line": 6, "column": 66 } },
      "2": { "start": { "line": 7, "column": 0 }, "end": { "line": 7, "column": 26 } }
    },
    "fnMap": {
      "0": {
        "name": "(anonymous_0)",
        "decl": { "start": { "line": 6, "column": 13 }, "end": { "line": 6, "column": 14 } },
        "loc": { "start": { "line": 6, "column": 22 }, "end": { "line": 6, "column": 66 } },
        "line": 6
      }
    },
    "branchMap": {},
    "s": { "0": 1, "1": 0, "2": 1 },
    "f": { "0": 0 },
    "b": {},
    "_coverageSchema": "43e27e138ebf9cfc5966b082cf9a028302ed4184",
    "hash": "faa4ce9fb7aa7213cc160a650df72d98501a0f66"
  },
  "/Users/se/www/maintined/rkta-ui/src/atoms/Bage/style.js": {
    "path": "/Users/se/www/maintined/rkta-ui/src/atoms/Bage/style.js",
    "statementMap": {},
    "fnMap": {},
    "branchMap": {},
    "s": {},
    "f": {},
    "b": {},
    "_coverageSchema": "43e27e138ebf9cfc5966b082cf9a028302ed4184",
    "hash": "089c5417675cc505e75a90c8d870be34805c5f80"
  },
  "/Users/se/www/maintined/rkta-ui/src/atoms/Divider/index.jsx": {
    "path": "/Users/se/www/maintined/rkta-ui/src/atoms/Divider/index.jsx",
    "statementMap": {
      "0": { "start": { "line": 6, "column": 16 }, "end": { "line": 6, "column": 74 } },
      "1": { "start": { "line": 6, "column": 43 }, "end": { "line": 6, "column": 74 } },
      "2": { "start": { "line": 7, "column": 0 }, "end": { "line": 7, "column": 32 } }
    },
    "fnMap": {
      "0": {
        "name": "(anonymous_0)",
        "decl": { "start": { "line": 6, "column": 16 }, "end": { "line": 6, "column": 17 } },
        "loc": { "start": { "line": 6, "column": 43 }, "end": { "line": 6, "column": 74 } },
        "line": 6
      }
    },
    "branchMap": {},
    "s": { "0": 1, "1": 0, "2": 1 },
    "f": { "0": 0 },
    "b": {},
    "_coverageSchema": "43e27e138ebf9cfc5966b082cf9a028302ed4184",
    "hash": "63ad44cae85c32107cb0851e23caad88cda036b6"
  },
  "/Users/se/www/maintined/rkta-ui/src/atoms/Divider/style.js": {
    "path": "/Users/se/www/maintined/rkta-ui/src/atoms/Divider/style.js",
    "statementMap": {},
    "fnMap": {},
    "branchMap": {},
    "s": {},
    "f": {},
    "b": {},
    "_coverageSchema": "43e27e138ebf9cfc5966b082cf9a028302ed4184",
    "hash": "193c016df7fe6b400bf53bf19bf41d29a9f5e20a"
  },
  "/Users/se/www/maintined/rkta-ui/src/atoms/Font/index.jsx": {
    "path": "/Users/se/www/maintined/rkta-ui/src/atoms/Font/index.jsx",
    "statementMap": {
      "0": { "start": { "line": 7, "column": 21 }, "end": { "line": 10, "column": 1 } },
      "1": { "start": { "line": 8, "column": 18 }, "end": { "line": 8, "column": 57 } },
      "2": { "start": { "line": 9, "column": 2 }, "end": { "line": 9, "column": 35 } },
      "3": { "start": { "line": 12, "column": 13 }, "end": { "line": 16, "column": 1 } },
      "4": { "start": { "line": 13, "column": 2 }, "end": { "line": 15, "column": 9 } },
      "5": { "start": { "line": 18, "column": 0 }, "end": { "line": 18, "column": 26 } },
      "6": { "start": { "line": 19, "column": 0 }, "end": { "line": 23, "column": 2 } },
      "7": { "start": { "line": 24, "column": 0 }, "end": { "line": 27, "column": 2 } }
    },
    "fnMap": {
      "0": {
        "name": "(anonymous_0)",
        "decl": { "start": { "line": 7, "column": 21 }, "end": { "line": 7, "column": 22 } },
        "loc": { "start": { "line": 7, "column": 48 }, "end": { "line": 10, "column": 1 } },
        "line": 7
      },
      "1": {
        "name": "(anonymous_1)",
        "decl": { "start": { "line": 12, "column": 13 }, "end": { "line": 12, "column": 14 } },
        "loc": { "start": { "line": 13, "column": 2 }, "end": { "line": 15, "column": 9 } },
        "line": 13
      }
    },
    "branchMap": {},
    "s": { "0": 1, "1": 0, "2": 0, "3": 1, "4": 0, "5": 1, "6": 1, "7": 1 },
    "f": { "0": 0, "1": 0 },
    "b": {},
    "_coverageSchema": "43e27e138ebf9cfc5966b082cf9a028302ed4184",
    "hash": "f75fff21cbe1f01996ec0dbaa1b536ab0a73b6a2"
  },
  "/Users/se/www/maintined/rkta-ui/src/atoms/Font/style.js": {
    "path": "/Users/se/www/maintined/rkta-ui/src/atoms/Font/style.js",
    "statementMap": {},
    "fnMap": {},
    "branchMap": {},
    "s": {},
    "f": {},
    "b": {},
    "_coverageSchema": "43e27e138ebf9cfc5966b082cf9a028302ed4184",
    "hash": "1aa05a974f26e61055542d5e11cff539e96918f0"
  },
  "/Users/se/www/maintined/rkta-ui/src/atoms/Header/index.jsx": {
    "path": "/Users/se/www/maintined/rkta-ui/src/atoms/Header/index.jsx",
    "statementMap": {
      "0": { "start": { "line": 7, "column": 21 }, "end": { "line": 13, "column": 1 } },
      "1": { "start": { "line": 8, "column": 2 }, "end": { "line": 11, "column": 3 } },
      "2": { "start": { "line": 9, "column": 20 }, "end": { "line": 9, "column": 31 } },
      "3": { "start": { "line": 10, "column": 4 }, "end": { "line": 10, "column": 49 } },
      "4": { "start": { "line": 12, "column": 2 }, "end": { "line": 12, "column": 40 } },
      "5": { "start": { "line": 15, "column": 15 }, "end": { "line": 19, "column": 1 } },
      "6": { "start": { "line": 16, "column": 2 }, "end": { "line": 18, "column": 9 } },
      "7": { "start": { "line": 21, "column": 0 }, "end": { "line": 21, "column": 30 } },
      "8": { "start": { "line": 22, "column": 0 }, "end": { "line": 25, "column": 2 } },
      "9": { "start": { "line": 27, "column": 0 }, "end": { "line": 30, "column": 2 } }
    },
    "fnMap": {
      "0": {
        "name": "(anonymous_0)",
        "decl": { "start": { "line": 7, "column": 21 }, "end": { "line": 7, "column": 22 } },
        "loc": { "start": { "line": 7, "column": 38 }, "end": { "line": 13, "column": 1 } },
        "line": 7
      },
      "1": {
        "name": "(anonymous_1)",
        "decl": { "start": { "line": 15, "column": 15 }, "end": { "line": 15, "column": 16 } },
        "loc": { "start": { "line": 16, "column": 2 }, "end": { "line": 18, "column": 9 } },
        "line": 16
      }
    },
    "branchMap": {
      "0": {
        "loc": { "start": { "line": 8, "column": 2 }, "end": { "line": 11, "column": 3 } },
        "type": "if",
        "locations": [
          { "start": { "line": 8, "column": 2 }, "end": { "line": 11, "column": 3 } },
          { "start": { "line": 8, "column": 2 }, "end": { "line": 11, "column": 3 } }
        ],
        "line": 8
      },
      "1": {
        "loc": { "start": { "line": 8, "column": 6 }, "end": { "line": 8, "column": 30 } },
        "type": "binary-expr",
        "locations": [
          { "start": { "line": 8, "column": 6 }, "end": { "line": 8, "column": 16 } },
          { "start": { "line": 8, "column": 20 }, "end": { "line": 8, "column": 30 } }
        ],
        "line": 8
      }
    },
    "s": { "0": 1, "1": 0, "2": 0, "3": 0, "4": 0, "5": 1, "6": 0, "7": 1, "8": 1, "9": 1 },
    "f": { "0": 0, "1": 0 },
    "b": { "0": [0, 0], "1": [0, 0] },
    "_coverageSchema": "43e27e138ebf9cfc5966b082cf9a028302ed4184",
    "hash": "fdf38e9b85908e20d25cb1911a5bef3691f5bd1c"
  },
  "/Users/se/www/maintined/rkta-ui/src/atoms/Header/style.js": {
    "path": "/Users/se/www/maintined/rkta-ui/src/atoms/Header/style.js",
    "statementMap": {},
    "fnMap": {},
    "branchMap": {},
    "s": {},
    "f": {},
    "b": {},
    "_coverageSchema": "43e27e138ebf9cfc5966b082cf9a028302ed4184",
    "hash": "82da0297b94702c3fb635121bd33aa107420b868"
  },
  "/Users/se/www/maintined/rkta-ui/src/atoms/Paper/index.jsx": {
    "path": "/Users/se/www/maintined/rkta-ui/src/atoms/Paper/index.jsx",
    "statementMap": {
      "0": { "start": { "line": 7, "column": 20 }, "end": { "line": 27, "column": 1 } },
      "1": { "start": { "line": 8, "column": 18 }, "end": { "line": 8, "column": 20 } },
      "2": { "start": { "line": 9, "column": 2 }, "end": { "line": 21, "column": 3 } },
      "3": { "start": { "line": 10, "column": 17 }, "end": { "line": 10, "column": 39 } },
      "4": { "start": { "line": 11, "column": 4 }, "end": { "line": 20, "column": 6 } },
      "5": { "start": { "line": 22, "column": 2 }, "end": { "line": 25, "column": 3 } },
      "6": { "start": { "line": 23, "column": 20 }, "end": { "line": 23, "column": 31 } },
      "7": { "start": { "line": 24, "column": 4 }, "end": { "line": 24, "column": 64 } },
      "8": { "start": { "line": 26, "column": 2 }, "end": { "line": 26, "column": 67 } },
      "9": { "start": { "line": 29, "column": 14 }, "end": { "line": 29, "column": 55 } },
      "10": { "start": { "line": 29, "column": 23 }, "end": { "line": 29, "column": 55 } },
      "11": { "start": { "line": 31, "column": 0 }, "end": { "line": 31, "column": 28 } },
      "12": { "start": { "line": 32, "column": 0 }, "end": { "line": 35, "column": 2 } },
      "13": { "start": { "line": 36, "column": 0 }, "end": { "line": 39, "column": 2 } }
    },
    "fnMap": {
      "0": {
        "name": "(anonymous_0)",
        "decl": { "start": { "line": 7, "column": 20 }, "end": { "line": 7, "column": 21 } },
        "loc": { "start": { "line": 7, "column": 62 }, "end": { "line": 27, "column": 1 } },
        "line": 7
      },
      "1": {
        "name": "(anonymous_1)",
        "decl": { "start": { "line": 29, "column": 14 }, "end": { "line": 29, "column": 15 } },
        "loc": { "start": { "line": 29, "column": 23 }, "end": { "line": 29, "column": 55 } },
        "line": 29
      }
    },
    "branchMap": {
      "0": {
        "loc": { "start": { "line": 9, "column": 2 }, "end": { "line": 21, "column": 3 } },
        "type": "if",
        "locations": [
          { "start": { "line": 9, "column": 2 }, "end": { "line": 21, "column": 3 } },
          { "start": { "line": 9, "column": 2 }, "end": { "line": 21, "column": 3 } }
        ],
        "line": 9
      },
      "1": {
        "loc": { "start": { "line": 22, "column": 2 }, "end": { "line": 25, "column": 3 } },
        "type": "if",
        "locations": [
          { "start": { "line": 22, "column": 2 }, "end": { "line": 25, "column": 3 } },
          { "start": { "line": 22, "column": 2 }, "end": { "line": 25, "column": 3 } }
        ],
        "line": 22
      }
    },
    "s": {
      "0": 1,
      "1": 0,
      "2": 0,
      "3": 0,
      "4": 0,
      "5": 0,
      "6": 0,
      "7": 0,
      "8": 0,
      "9": 1,
      "10": 0,
      "11": 1,
      "12": 1,
      "13": 1
    },
    "f": { "0": 0, "1": 0 },
    "b": { "0": [0, 0], "1": [0, 0] },
    "_coverageSchema": "43e27e138ebf9cfc5966b082cf9a028302ed4184",
    "hash": "a39e6ef1c9b196eeb1ad921bd1bde279a252a0a6"
  },
  "/Users/se/www/maintined/rkta-ui/src/atoms/Paper/style.js": {
    "path": "/Users/se/www/maintined/rkta-ui/src/atoms/Paper/style.js",
    "statementMap": {
      "0": { "start": { "line": 4, "column": 18 }, "end": { "line": 4, "column": 24 } }
    },
    "fnMap": {},
    "branchMap": {},
    "s": { "0": 1 },
    "f": {},
    "b": {},
    "_coverageSchema": "43e27e138ebf9cfc5966b082cf9a028302ed4184",
    "hash": "3e8b6104e6d23a7ed539f6f6725feedca0012760"
  },
  "/Users/se/www/maintined/rkta-ui/src/atoms/Svg/index.jsx": {
    "path": "/Users/se/www/maintined/rkta-ui/src/atoms/Svg/index.jsx",
    "statementMap": {
      "0": { "start": { "line": 7, "column": 12 }, "end": { "line": 21, "column": 1 } },
      "1": { "start": { "line": 8, "column": 2 }, "end": { "line": 20, "column": 9 } },
      "2": { "start": { "line": 23, "column": 0 }, "end": { "line": 29, "column": 2 } },
      "3": { "start": { "line": 30, "column": 0 }, "end": { "line": 33, "column": 2 } },
      "4": { "start": { "line": 34, "column": 0 }, "end": { "line": 34, "column": 24 } }
    },
    "fnMap": {
      "0": {
        "name": "(anonymous_0)",
        "decl": { "start": { "line": 7, "column": 12 }, "end": { "line": 7, "column": 13 } },
        "loc": { "start": { "line": 8, "column": 2 }, "end": { "line": 20, "column": 9 } },
        "line": 8
      }
    },
    "branchMap": {
      "0": {
        "loc": { "start": { "line": 12, "column": 12 }, "end": { "line": 12, "column": 52 } },
        "type": "cond-expr",
        "locations": [
          { "start": { "line": 12, "column": 20 }, "end": { "line": 12, "column": 35 } },
          { "start": { "line": 12, "column": 38 }, "end": { "line": 12, "column": 52 } }
        ],
        "line": 12
      }
    },
    "s": { "0": 1, "1": 0, "2": 1, "3": 1, "4": 1 },
    "f": { "0": 0 },
    "b": { "0": [0, 0] },
    "_coverageSchema": "43e27e138ebf9cfc5966b082cf9a028302ed4184",
    "hash": "24841d062556409fc582ec5b7117ad4d1a786fd7"
  },
  "/Users/se/www/maintined/rkta-ui/src/atoms/Svg/style.js": {
    "path": "/Users/se/www/maintined/rkta-ui/src/atoms/Svg/style.js",
    "statementMap": {},
    "fnMap": {},
    "branchMap": {},
    "s": {},
    "f": {},
    "b": {},
    "_coverageSchema": "43e27e138ebf9cfc5966b082cf9a028302ed4184",
    "hash": "315e2390a52553b79a3a3ce7bc08f08aefef8a70"
  },
  "/Users/se/www/maintined/rkta-ui/src/fx/index.js": {
    "path": "/Users/se/www/maintined/rkta-ui/src/fx/index.js",
    "statementMap": {},
    "fnMap": {},
    "branchMap": {},
    "s": {},
    "f": {},
    "b": {},
    "_coverageSchema": "43e27e138ebf9cfc5966b082cf9a028302ed4184",
    "hash": "3759a33d1f1b5242687a024e3796bd2243b9a7df"
  },
  "/Users/se/www/maintined/rkta-ui/src/fx/Ripple/Wave.jsx": {
    "path": "/Users/se/www/maintined/rkta-ui/src/fx/Ripple/Wave.jsx",
    "statementMap": {
      "0": { "start": { "line": 6, "column": 19 }, "end": { "line": 19, "column": 1 } },
      "1": { "start": { "line": 21, "column": 17 }, "end": { "line": 24, "column": 1 } },
      "2": { "start": { "line": 22, "column": 2 }, "end": { "line": 22, "column": 61 } },
      "3": { "start": { "line": 22, "column": 16 }, "end": { "line": 22, "column": 61 } },
      "4": { "start": { "line": 23, "column": 2 }, "end": { "line": 23, "column": 35 } },
      "5": { "start": { "line": 26, "column": 13 }, "end": { "line": 35, "column": 1 } },
      "6": { "start": { "line": 27, "column": 2 }, "end": { "line": 34, "column": 4 } },
      "7": { "start": { "line": 37, "column": 0 }, "end": { "line": 42, "column": 2 } },
      "8": { "start": { "line": 43, "column": 0 }, "end": { "line": 46, "column": 2 } }
    },
    "fnMap": {
      "0": {
        "name": "(anonymous_0)",
        "decl": { "start": { "line": 21, "column": 17 }, "end": { "line": 21, "column": 18 } },
        "loc": { "start": { "line": 21, "column": 36 }, "end": { "line": 24, "column": 1 } },
        "line": 21
      },
      "1": {
        "name": "(anonymous_1)",
        "decl": { "start": { "line": 26, "column": 13 }, "end": { "line": 26, "column": 14 } },
        "loc": { "start": { "line": 27, "column": 2 }, "end": { "line": 34, "column": 4 } },
        "line": 27
      }
    },
    "branchMap": {
      "0": {
        "loc": { "start": { "line": 22, "column": 2 }, "end": { "line": 22, "column": 61 } },
        "type": "if",
        "locations": [
          { "start": { "line": 22, "column": 2 }, "end": { "line": 22, "column": 61 } },
          { "start": { "line": 22, "column": 2 }, "end": { "line": 22, "column": 61 } }
        ],
        "line": 22
      }
    },
    "s": { "0": 1, "1": 1, "2": 0, "3": 0, "4": 0, "5": 1, "6": 0, "7": 1, "8": 1 },
    "f": { "0": 0, "1": 0 },
    "b": { "0": [0, 0] },
    "_coverageSchema": "43e27e138ebf9cfc5966b082cf9a028302ed4184",
    "hash": "05c2addaac551290c523b753e08222fff4615b9d"
  },
  "/Users/se/www/maintined/rkta-ui/src/fx/Ripple/index.jsx": {
    "path": "/Users/se/www/maintined/rkta-ui/src/fx/Ripple/index.jsx",
    "statementMap": {
      "0": { "start": { "line": 10, "column": 18 }, "end": { "line": 19, "column": 1 } },
      "1": { "start": { "line": 11, "column": 40 }, "end": { "line": 11, "column": 46 } },
      "2": { "start": { "line": 12, "column": 24 }, "end": { "line": 12, "column": 54 } },
      "3": { "start": { "line": 13, "column": 2 }, "end": { "line": 18, "column": 4 } },
      "4": { "start": { "line": 27, "column": 32 }, "end": { "line": 27, "column": 42 } },
      "5": { "start": { "line": 28, "column": 4 }, "end": { "line": 28, "column": 27 } },
      "6": { "start": { "line": 31, "column": 31 }, "end": { "line": 31, "column": 41 } },
      "7": { "start": { "line": 32, "column": 4 }, "end": { "line": 32, "column": 46 } },
      "8": { "start": { "line": 32, "column": 34 }, "end": { "line": 32, "column": 46 } },
      "9": { "start": { "line": 33, "column": 4 }, "end": { "line": 33, "column": 33 } },
      "10": { "start": { "line": 36, "column": 4 }, "end": { "line": 43, "column": 7 } },
      "11": { "start": { "line": 37, "column": 6 }, "end": { "line": 42, "column": 8 } },
      "12": { "start": { "line": 45, "column": 37 }, "end": { "line": 47, "column": 5 } },
      "13": { "start": { "line": 45, "column": 43 }, "end": { "line": 47, "column": 5 } },
      "14": { "start": { "line": 45, "column": 73 }, "end": { "line": 47, "column": 3 } },
      "15": { "start": { "line": 46, "column": 32 }, "end": { "line": 46, "column": 56 } },
      "16": { "start": { "line": 49, "column": 41 }, "end": { "line": 49, "column": 57 } },
      "17": { "start": { "line": 50, "column": 17 }, "end": { "line": 50, "column": 60 } },
      "18": { "start": { "line": 51, "column": 21 }, "end": { "line": 51, "column": 29 } },
      "19": { "start": { "line": 52, "column": 4 }, "end": { "line": 62, "column": 7 } },
      "20": { "start": { "line": 65, "column": 4 }, "end": { "line": 70, "column": 8 } },
      "21": { "start": { "line": 65, "column": 34 }, "end": { "line": 70, "column": 5 } },
      "22": { "start": { "line": 66, "column": 32 }, "end": { "line": 69, "column": 7 } },
      "23": { "start": { "line": 72, "column": 22 }, "end": { "line": 72, "column": 54 } },
      "24": { "start": { "line": 74, "column": 55 }, "end": { "line": 74, "column": 86 } },
      "25": { "start": { "line": 75, "column": 30 }, "end": { "line": 75, "column": 46 } },
      "26": { "start": { "line": 76, "column": 17 }, "end": { "line": 76, "column": 54 } },
      "27": { "start": { "line": 77, "column": 21 }, "end": { "line": 77, "column": 29 } },
      "28": { "start": { "line": 79, "column": 4 }, "end": { "line": 93, "column": 7 } },
      "29": { "start": { "line": 80, "column": 6 }, "end": { "line": 80, "column": 36 } },
      "30": { "start": { "line": 80, "column": 24 }, "end": { "line": 80, "column": 36 } },
      "31": { "start": { "line": 81, "column": 6 }, "end": { "line": 92, "column": 8 } },
      "32": { "start": { "line": 97, "column": 4 }, "end": { "line": 99, "column": 8 } },
      "33": { "start": { "line": 97, "column": 34 }, "end": { "line": 99, "column": 5 } },
      "34": { "start": { "line": 102, "column": 4 }, "end": { "line": 128, "column": 6 } },
      "35": { "start": { "line": 133, "column": 0 }, "end": { "line": 133, "column": 30 } },
      "36": { "start": { "line": 134, "column": 0 }, "end": { "line": 138, "column": 2 } },
      "37": { "start": { "line": 139, "column": 0 }, "end": { "line": 141, "column": 2 } }
    },
    "fnMap": {
      "0": {
        "name": "(anonymous_0)",
        "decl": { "start": { "line": 10, "column": 18 }, "end": { "line": 10, "column": 19 } },
        "loc": { "start": { "line": 10, "column": 34 }, "end": { "line": 19, "column": 1 } },
        "line": 10
      },
      "1": {
        "name": "(anonymous_1)",
        "decl": { "start": { "line": 26, "column": 2 }, "end": { "line": 26, "column": 3 } },
        "loc": { "start": { "line": 26, "column": 24 }, "end": { "line": 29, "column": 3 } },
        "line": 26
      },
      "2": {
        "name": "(anonymous_2)",
        "decl": { "start": { "line": 30, "column": 2 }, "end": { "line": 30, "column": 3 } },
        "loc": { "start": { "line": 30, "column": 16 }, "end": { "line": 34, "column": 3 } },
        "line": 30
      },
      "3": {
        "name": "(anonymous_3)",
        "decl": { "start": { "line": 35, "column": 2 }, "end": { "line": 35, "column": 3 } },
        "loc": { "start": { "line": 35, "column": 14 }, "end": { "line": 44, "column": 3 } },
        "line": 35
      },
      "4": {
        "name": "(anonymous_4)",
        "decl": { "start": { "line": 36, "column": 32 }, "end": { "line": 36, "column": 33 } },
        "loc": { "start": { "line": 37, "column": 6 }, "end": { "line": 42, "column": 8 } },
        "line": 37
      },
      "5": {
        "name": "(anonymous_5)",
        "decl": { "start": { "line": 45, "column": 26 }, "end": { "line": 45, "column": 27 } },
        "loc": { "start": { "line": 45, "column": 37 }, "end": { "line": 47, "column": 5 } },
        "line": 45
      },
      "6": {
        "name": "(anonymous_6)",
        "decl": { "start": { "line": 45, "column": 37 }, "end": { "line": 45, "column": 38 } },
        "loc": { "start": { "line": 45, "column": 43 }, "end": { "line": 47, "column": 5 } },
        "line": 45
      },
      "7": {
        "name": "(anonymous_7)",
        "decl": { "start": { "line": 45, "column": 57 }, "end": { "line": 45, "column": 58 } },
        "loc": { "start": { "line": 45, "column": 73 }, "end": { "line": 47, "column": 3 } },
        "line": 45
      },
      "8": {
        "name": "(anonymous_8)",
        "decl": { "start": { "line": 46, "column": 24 }, "end": { "line": 46, "column": 25 } },
        "loc": { "start": { "line": 46, "column": 32 }, "end": { "line": 46, "column": 56 } },
        "line": 46
      },
      "9": {
        "name": "(anonymous_9)",
        "decl": { "start": { "line": 48, "column": 14 }, "end": { "line": 48, "column": 15 } },
        "loc": { "start": { "line": 48, "column": 25 }, "end": { "line": 63, "column": 3 } },
        "line": 48
      },
      "10": {
        "name": "(anonymous_10)",
        "decl": { "start": { "line": 64, "column": 12 }, "end": { "line": 64, "column": 13 } },
        "loc": { "start": { "line": 64, "column": 18 }, "end": { "line": 71, "column": 3 } },
        "line": 64
      },
      "11": {
        "name": "(anonymous_11)",
        "decl": { "start": { "line": 65, "column": 18 }, "end": { "line": 65, "column": 19 } },
        "loc": { "start": { "line": 65, "column": 34 }, "end": { "line": 70, "column": 5 } },
        "line": 65
      },
      "12": {
        "name": "(anonymous_12)",
        "decl": { "start": { "line": 66, "column": 23 }, "end": { "line": 66, "column": 24 } },
        "loc": { "start": { "line": 66, "column": 32 }, "end": { "line": 69, "column": 7 } },
        "line": 66
      },
      "13": {
        "name": "(anonymous_13)",
        "decl": { "start": { "line": 72, "column": 16 }, "end": { "line": 72, "column": 17 } },
        "loc": { "start": { "line": 72, "column": 22 }, "end": { "line": 72, "column": 54 } },
        "line": 72
      },
      "14": {
        "name": "(anonymous_14)",
        "decl": { "start": { "line": 73, "column": 13 }, "end": { "line": 73, "column": 14 } },
        "loc": { "start": { "line": 73, "column": 37 }, "end": { "line": 94, "column": 3 } },
        "line": 73
      },
      "15": {
        "name": "(anonymous_15)",
        "decl": { "start": { "line": 79, "column": 18 }, "end": { "line": 79, "column": 19 } },
        "loc": { "start": { "line": 79, "column": 33 }, "end": { "line": 93, "column": 5 } },
        "line": 79
      },
      "16": {
        "name": "(anonymous_16)",
        "decl": { "start": { "line": 96, "column": 2 }, "end": { "line": 96, "column": 3 } },
        "loc": { "start": { "line": 96, "column": 17 }, "end": { "line": 100, "column": 3 } },
        "line": 96
      },
      "17": {
        "name": "(anonymous_17)",
        "decl": { "start": { "line": 97, "column": 18 }, "end": { "line": 97, "column": 19 } },
        "loc": { "start": { "line": 97, "column": 34 }, "end": { "line": 99, "column": 5 } },
        "line": 97
      },
      "18": {
        "name": "(anonymous_18)",
        "decl": { "start": { "line": 101, "column": 2 }, "end": { "line": 101, "column": 3 } },
        "loc": { "start": { "line": 101, "column": 11 }, "end": { "line": 129, "column": 3 } },
        "line": 101
      }
    },
    "branchMap": {
      "0": {
        "loc": { "start": { "line": 32, "column": 4 }, "end": { "line": 32, "column": 46 } },
        "type": "if",
        "locations": [
          { "start": { "line": 32, "column": 4 }, "end": { "line": 32, "column": 46 } },
          { "start": { "line": 32, "column": 4 }, "end": { "line": 32, "column": 46 } }
        ],
        "line": 32
      },
      "1": {
        "loc": { "start": { "line": 32, "column": 8 }, "end": { "line": 32, "column": 32 } },
        "type": "binary-expr",
        "locations": [
          { "start": { "line": 32, "column": 8 }, "end": { "line": 32, "column": 16 } },
          { "start": { "line": 32, "column": 20 }, "end": { "line": 32, "column": 32 } }
        ],
        "line": 32
      },
      "2": {
        "loc": { "start": { "line": 80, "column": 6 }, "end": { "line": 80, "column": 36 } },
        "type": "if",
        "locations": [
          { "start": { "line": 80, "column": 6 }, "end": { "line": 80, "column": 36 } },
          { "start": { "line": 80, "column": 6 }, "end": { "line": 80, "column": 36 } }
        ],
        "line": 80
      }
    },
    "s": {
      "0": 1,
      "1": 0,
      "2": 0,
      "3": 0,
      "4": 0,
      "5": 0,
      "6": 0,
      "7": 0,
      "8": 0,
      "9": 0,
      "10": 0,
      "11": 0,
      "12": 0,
      "13": 0,
      "14": 0,
      "15": 0,
      "16": 0,
      "17": 0,
      "18": 0,
      "19": 0,
      "20": 0,
      "21": 0,
      "22": 0,
      "23": 0,
      "24": 0,
      "25": 0,
      "26": 0,
      "27": 0,
      "28": 0,
      "29": 0,
      "30": 0,
      "31": 0,
      "32": 0,
      "33": 0,
      "34": 0,
      "35": 1,
      "36": 1,
      "37": 1
    },
    "f": {
      "0": 0,
      "1": 0,
      "2": 0,
      "3": 0,
      "4": 0,
      "5": 0,
      "6": 0,
      "7": 0,
      "8": 0,
      "9": 0,
      "10": 0,
      "11": 0,
      "12": 0,
      "13": 0,
      "14": 0,
      "15": 0,
      "16": 0,
      "17": 0,
      "18": 0
    },
    "b": { "0": [0, 0], "1": [0, 0], "2": [0, 0] },
    "_coverageSchema": "43e27e138ebf9cfc5966b082cf9a028302ed4184",
    "hash": "c57b4a50c209553e1043ef8d479f5f796b1d01f8"
  },
  "/Users/se/www/maintined/rkta-ui/src/fx/Ripple/style.js": {
    "path": "/Users/se/www/maintined/rkta-ui/src/fx/Ripple/style.js",
    "statementMap": {},
    "fnMap": {},
    "branchMap": {},
    "s": {},
    "f": {},
    "b": {},
    "_coverageSchema": "43e27e138ebf9cfc5966b082cf9a028302ed4184",
    "hash": "a69389fb617933360e1f42c4dea6ccaf3b40f718"
  },
  "/Users/se/www/maintined/rkta-ui/src/molecules/index.js": {
    "path": "/Users/se/www/maintined/rkta-ui/src/molecules/index.js",
    "statementMap": {},
    "fnMap": {},
    "branchMap": {},
    "s": {},
    "f": {},
    "b": {},
    "_coverageSchema": "43e27e138ebf9cfc5966b082cf9a028302ed4184",
    "hash": "2328b71fa44fbac6a613497787f4bf156f0860f9"
  },
  "/Users/se/www/maintined/rkta-ui/src/molecules/Button/index.jsx": {
    "path": "/Users/se/www/maintined/rkta-ui/src/molecules/Button/index.jsx",
    "statementMap": {
      "0": { "start": { "line": 12, "column": 22 }, "end": { "line": 23, "column": 1 } },
      "1": { "start": { "line": 12, "column": 30 }, "end": { "line": 23, "column": 1 } },
      "2": { "start": { "line": 13, "column": 14 }, "end": { "line": 19, "column": 5 } },
      "3": { "start": { "line": 20, "column": 2 }, "end": { "line": 22, "column": 52 } },
      "4": { "start": { "line": 33, "column": 31 }, "end": { "line": 33, "column": 41 } },
      "5": { "start": { "line": 34, "column": 4 }, "end": { "line": 34, "column": 55 } },
      "6": { "start": { "line": 37, "column": 44 }, "end": { "line": 37, "column": 54 } },
      "7": { "start": { "line": 38, "column": 17 }, "end": { "line": 41, "column": 5 } },
      "8": { "start": { "line": 42, "column": 4 }, "end": { "line": 45, "column": 5 } },
      "9": { "start": { "line": 43, "column": 41 }, "end": { "line": 43, "column": 47 } },
      "10": { "start": { "line": 44, "column": 6 }, "end": { "line": 44, "column": 39 } },
      "11": { "start": { "line": 46, "column": 4 }, "end": { "line": 46, "column": 18 } },
      "12": { "start": { "line": 49, "column": 21 }, "end": { "line": 49, "column": 57 } },
      "13": { "start": { "line": 50, "column": 25 }, "end": { "line": 50, "column": 80 } },
      "14": { "start": { "line": 52, "column": 27 }, "end": { "line": 52, "column": 64 } },
      "15": { "start": { "line": 53, "column": 27 }, "end": { "line": 53, "column": 65 } },
      "16": { "start": { "line": 56, "column": 4 }, "end": { "line": 56, "column": 44 } },
      "17": { "start": { "line": 57, "column": 4 }, "end": { "line": 57, "column": 36 } },
      "18": { "start": { "line": 60, "column": 4 }, "end": { "line": 60, "column": 42 } },
      "19": { "start": { "line": 61, "column": 4 }, "end": { "line": 61, "column": 34 } },
      "20": { "start": { "line": 67, "column": 8 }, "end": { "line": 67, "column": 18 } },
      "21": { "start": { "line": 69, "column": 39 }, "end": { "line": 69, "column": 49 } },
      "22": { "start": { "line": 70, "column": 4 }, "end": { "line": 96, "column": 6 } },
      "23": { "start": { "line": 100, "column": 0 }, "end": { "line": 100, "column": 30 } },
      "24": { "start": { "line": 101, "column": 0 }, "end": { "line": 110, "column": 2 } },
      "25": { "start": { "line": 112, "column": 0 }, "end": { "line": 120, "column": 2 } }
    },
    "fnMap": {
      "0": {
        "name": "(anonymous_0)",
        "decl": { "start": { "line": 12, "column": 22 }, "end": { "line": 12, "column": 23 } },
        "loc": { "start": { "line": 12, "column": 30 }, "end": { "line": 23, "column": 1 } },
        "line": 12
      },
      "1": {
        "name": "(anonymous_1)",
        "decl": { "start": { "line": 12, "column": 30 }, "end": { "line": 12, "column": 31 } },
        "loc": { "start": { "line": 12, "column": 41 }, "end": { "line": 23, "column": 1 } },
        "line": 12
      },
      "2": {
        "name": "(anonymous_2)",
        "decl": { "start": { "line": 32, "column": 2 }, "end": { "line": 32, "column": 3 } },
        "loc": { "start": { "line": 32, "column": 16 }, "end": { "line": 35, "column": 3 } },
        "line": 32
      },
      "3": {
        "name": "(anonymous_3)",
        "decl": { "start": { "line": 36, "column": 2 }, "end": { "line": 36, "column": 3 } },
        "loc": { "start": { "line": 36, "column": 12 }, "end": { "line": 47, "column": 3 } },
        "line": 36
      },
      "4": {
        "name": "(anonymous_4)",
        "decl": { "start": { "line": 49, "column": 15 }, "end": { "line": 49, "column": 16 } },
        "loc": { "start": { "line": 49, "column": 21 }, "end": { "line": 49, "column": 57 } },
        "line": 49
      },
      "5": {
        "name": "(anonymous_5)",
        "decl": { "start": { "line": 50, "column": 16 }, "end": { "line": 50, "column": 17 } },
        "loc": { "start": { "line": 50, "column": 25 }, "end": { "line": 50, "column": 80 } },
        "line": 50
      },
      "6": {
        "name": "(anonymous_6)",
        "decl": { "start": { "line": 52, "column": 21 }, "end": { "line": 52, "column": 22 } },
        "loc": { "start": { "line": 52, "column": 27 }, "end": { "line": 52, "column": 64 } },
        "line": 52
      },
      "7": {
        "name": "(anonymous_7)",
        "decl": { "start": { "line": 53, "column": 21 }, "end": { "line": 53, "column": 22 } },
        "loc": { "start": { "line": 53, "column": 27 }, "end": { "line": 53, "column": 65 } },
        "line": 53
      },
      "8": {
        "name": "(anonymous_8)",
        "decl": { "start": { "line": 55, "column": 15 }, "end": { "line": 55, "column": 16 } },
        "loc": { "start": { "line": 55, "column": 26 }, "end": { "line": 58, "column": 3 } },
        "line": 55
      },
      "9": {
        "name": "(anonymous_9)",
        "decl": { "start": { "line": 59, "column": 13 }, "end": { "line": 59, "column": 14 } },
        "loc": { "start": { "line": 59, "column": 24 }, "end": { "line": 62, "column": 3 } },
        "line": 59
      },
      "10": {
        "name": "(anonymous_10)",
        "decl": { "start": { "line": 64, "column": 2 }, "end": { "line": 64, "column": 3 } },
        "loc": { "start": { "line": 64, "column": 11 }, "end": { "line": 97, "column": 3 } },
        "line": 64
      },
      "11": {
        "name": "(anonymous_11)",
        "decl": { "start": { "line": 117, "column": 2 }, "end": { "line": 117, "column": 3 } },
        "loc": { "start": { "line": 117, "column": 18 }, "end": { "line": 117, "column": 20 } },
        "line": 117
      },
      "12": {
        "name": "(anonymous_12)",
        "decl": { "start": { "line": 118, "column": 2 }, "end": { "line": 118, "column": 3 } },
        "loc": { "start": { "line": 118, "column": 16 }, "end": { "line": 118, "column": 18 } },
        "line": 118
      }
    },
    "branchMap": {
      "0": {
        "loc": { "start": { "line": 13, "column": 14 }, "end": { "line": 19, "column": 5 } },
        "type": "cond-expr",
        "locations": [
          { "start": { "line": 14, "column": 6 }, "end": { "line": 14, "column": 30 } },
          { "start": { "line": 15, "column": 6 }, "end": { "line": 19, "column": 5 } }
        ],
        "line": 13
      },
      "1": {
        "loc": { "start": { "line": 20, "column": 9 }, "end": { "line": 22, "column": 51 } },
        "type": "cond-expr",
        "locations": [
          { "start": { "line": 21, "column": 6 }, "end": { "line": 21, "column": 60 } },
          { "start": { "line": 22, "column": 6 }, "end": { "line": 22, "column": 51 } }
        ],
        "line": 20
      },
      "2": {
        "loc": { "start": { "line": 42, "column": 4 }, "end": { "line": 45, "column": 5 } },
        "type": "if",
        "locations": [
          { "start": { "line": 42, "column": 4 }, "end": { "line": 45, "column": 5 } },
          { "start": { "line": 42, "column": 4 }, "end": { "line": 45, "column": 5 } }
        ],
        "line": 42
      },
      "3": {
        "loc": { "start": { "line": 85, "column": 9 }, "end": { "line": 92, "column": 9 } },
        "type": "binary-expr",
        "locations": [
          { "start": { "line": 85, "column": 9 }, "end": { "line": 85, "column": 18 } },
          { "start": { "line": 86, "column": 10 }, "end": { "line": 91, "column": 12 } }
        ],
        "line": 85
      },
      "4": {
        "loc": { "start": { "line": 94, "column": 9 }, "end": { "line": 94, "column": 67 } },
        "type": "binary-expr",
        "locations": [
          { "start": { "line": 94, "column": 9 }, "end": { "line": 94, "column": 13 } },
          { "start": { "line": 94, "column": 17 }, "end": { "line": 94, "column": 67 } }
        ],
        "line": 94
      }
    },
    "s": {
      "0": 1,
      "1": 0,
      "2": 0,
      "3": 0,
      "4": 0,
      "5": 0,
      "6": 0,
      "7": 0,
      "8": 0,
      "9": 0,
      "10": 0,
      "11": 0,
      "12": 0,
      "13": 0,
      "14": 0,
      "15": 0,
      "16": 0,
      "17": 0,
      "18": 0,
      "19": 0,
      "20": 0,
      "21": 0,
      "22": 0,
      "23": 1,
      "24": 1,
      "25": 1
    },
    "f": {
      "0": 0,
      "1": 0,
      "2": 0,
      "3": 0,
      "4": 0,
      "5": 0,
      "6": 0,
      "7": 0,
      "8": 0,
      "9": 0,
      "10": 0,
      "11": 0,
      "12": 0
    },
    "b": { "0": [0, 0], "1": [0, 0], "2": [0, 0], "3": [0, 0], "4": [0, 0] },
    "_coverageSchema": "43e27e138ebf9cfc5966b082cf9a028302ed4184",
    "hash": "2985fa89025e0a1e913541ee1814f4737c873771"
  },
  "/Users/se/www/maintined/rkta-ui/src/molecules/Button/style.js": {
    "path": "/Users/se/www/maintined/rkta-ui/src/molecules/Button/style.js",
    "statementMap": {},
    "fnMap": {},
    "branchMap": {},
    "s": {},
    "f": {},
    "b": {},
    "_coverageSchema": "43e27e138ebf9cfc5966b082cf9a028302ed4184",
    "hash": "6dd978f63535161c233ffd87e83d00b8a6a4ade6"
  },
  "/Users/se/www/maintined/rkta-ui/src/molecules/Input/index.jsx": {
    "path": "/Users/se/www/maintined/rkta-ui/src/molecules/Input/index.jsx",
    "statementMap": {
      "0": { "start": { "line": 7, "column": 14 }, "end": { "line": 57, "column": 1 } },
      "1": { "start": { "line": 19, "column": 34 }, "end": { "line": 19, "column": 49 } },
      "2": { "start": { "line": 20, "column": 38 }, "end": { "line": 20, "column": 69 } },
      "3": { "start": { "line": 21, "column": 38 }, "end": { "line": 21, "column": 49 } },
      "4": { "start": { "line": 22, "column": 25 }, "end": { "line": 22, "column": 44 } },
      "5": { "start": { "line": 23, "column": 20 }, "end": { "line": 23, "column": 47 } },
      "6": { "start": { "line": 24, "column": 24 }, "end": { "line": 24, "column": 57 } },
      "7": { "start": { "line": 25, "column": 2 }, "end": { "line": 56, "column": 4 } },
      "8": { "start": { "line": 39, "column": 10 }, "end": { "line": 39, "column": 44 } },
      "9": { "start": { "line": 40, "column": 10 }, "end": { "line": 40, "column": 26 } },
      "10": { "start": { "line": 43, "column": 10 }, "end": { "line": 43, "column": 29 } },
      "11": { "start": { "line": 44, "column": 10 }, "end": { "line": 44, "column": 24 } },
      "12": { "start": { "line": 47, "column": 10 }, "end": { "line": 47, "column": 28 } },
      "13": { "start": { "line": 48, "column": 10 }, "end": { "line": 48, "column": 25 } },
      "14": { "start": { "line": 60, "column": 0 }, "end": { "line": 60, "column": 28 } },
      "15": { "start": { "line": 61, "column": 0 }, "end": { "line": 71, "column": 2 } },
      "16": { "start": { "line": 72, "column": 0 }, "end": { "line": 82, "column": 2 } }
    },
    "fnMap": {
      "0": {
        "name": "(anonymous_0)",
        "decl": { "start": { "line": 7, "column": 14 }, "end": { "line": 7, "column": 15 } },
        "loc": { "start": { "line": 18, "column": 6 }, "end": { "line": 57, "column": 1 } },
        "line": 18
      },
      "1": {
        "name": "(anonymous_1)",
        "decl": { "start": { "line": 38, "column": 18 }, "end": { "line": 38, "column": 19 } },
        "loc": { "start": { "line": 38, "column": 29 }, "end": { "line": 41, "column": 9 } },
        "line": 38
      },
      "2": {
        "name": "(anonymous_2)",
        "decl": { "start": { "line": 42, "column": 16 }, "end": { "line": 42, "column": 17 } },
        "loc": { "start": { "line": 42, "column": 27 }, "end": { "line": 45, "column": 9 } },
        "line": 42
      },
      "3": {
        "name": "(anonymous_3)",
        "decl": { "start": { "line": 46, "column": 17 }, "end": { "line": 46, "column": 18 } },
        "loc": { "start": { "line": 46, "column": 28 }, "end": { "line": 49, "column": 9 } },
        "line": 46
      },
      "4": {
        "name": "(anonymous_4)",
        "decl": { "start": { "line": 75, "column": 2 }, "end": { "line": 75, "column": 3 } },
        "loc": { "start": { "line": 75, "column": 11 }, "end": { "line": 75, "column": 13 } },
        "line": 75
      },
      "5": {
        "name": "(anonymous_5)",
        "decl": { "start": { "line": 76, "column": 2 }, "end": { "line": 76, "column": 3 } },
        "loc": { "start": { "line": 76, "column": 13 }, "end": { "line": 76, "column": 15 } },
        "line": 76
      },
      "6": {
        "name": "(anonymous_6)",
        "decl": { "start": { "line": 77, "column": 2 }, "end": { "line": 77, "column": 3 } },
        "loc": { "start": { "line": 77, "column": 12 }, "end": { "line": 77, "column": 14 } },
        "line": 77
      }
    },
    "branchMap": {
      "0": {
        "loc": { "start": { "line": 20, "column": 47 }, "end": { "line": 20, "column": 68 } },
        "type": "binary-expr",
        "locations": [
          { "start": { "line": 20, "column": 47 }, "end": { "line": 20, "column": 52 } },
          { "start": { "line": 20, "column": 56 }, "end": { "line": 20, "column": 68 } }
        ],
        "line": 20
      },
      "1": {
        "loc": { "start": { "line": 22, "column": 25 }, "end": { "line": 22, "column": 44 } },
        "type": "binary-expr",
        "locations": [
          { "start": { "line": 22, "column": 25 }, "end": { "line": 22, "column": 30 } },
          { "start": { "line": 22, "column": 34 }, "end": { "line": 22, "column": 44 } }
        ],
        "line": 22
      },
      "2": {
        "loc": { "start": { "line": 23, "column": 20 }, "end": { "line": 23, "column": 47 } },
        "type": "binary-expr",
        "locations": [
          { "start": { "line": 23, "column": 21 }, "end": { "line": 23, "column": 28 } },
          { "start": { "line": 23, "column": 32 }, "end": { "line": 23, "column": 38 } },
          { "start": { "line": 23, "column": 43 }, "end": { "line": 23, "column": 47 } }
        ],
        "line": 23
      },
      "3": {
        "loc": { "start": { "line": 24, "column": 24 }, "end": { "line": 24, "column": 57 } },
        "type": "binary-expr",
        "locations": [
          { "start": { "line": 24, "column": 24 }, "end": { "line": 24, "column": 32 } },
          { "start": { "line": 24, "column": 36 }, "end": { "line": 24, "column": 57 } }
        ],
        "line": 24
      }
    },
    "s": {
      "0": 1,
      "1": 0,
      "2": 0,
      "3": 0,
      "4": 0,
      "5": 0,
      "6": 0,
      "7": 0,
      "8": 0,
      "9": 0,
      "10": 0,
      "11": 0,
      "12": 0,
      "13": 0,
      "14": 1,
      "15": 1,
      "16": 1
    },
    "f": { "0": 0, "1": 0, "2": 0, "3": 0, "4": 0, "5": 0, "6": 0 },
    "b": { "0": [0, 0], "1": [0, 0], "2": [0, 0, 0], "3": [0, 0] },
    "_coverageSchema": "43e27e138ebf9cfc5966b082cf9a028302ed4184",
    "hash": "bf0e8f29884c7ba8c9a343c21730e68787d09de4"
  },
  "/Users/se/www/maintined/rkta-ui/src/molecules/Input/Base/Label.jsx": {
    "path": "/Users/se/www/maintined/rkta-ui/src/molecules/Input/Base/Label.jsx",
    "statementMap": {
      "0": { "start": { "line": 7, "column": 16 }, "end": { "line": 7, "column": 58 } },
      "1": { "start": { "line": 15, "column": 8 }, "end": { "line": 15, "column": 18 } },
      "2": { "start": { "line": 16, "column": 4 }, "end": { "line": 36, "column": 6 } },
      "3": { "start": { "line": 40, "column": 0 }, "end": { "line": 46, "column": 2 } },
      "4": { "start": { "line": 47, "column": 0 }, "end": { "line": 49, "column": 2 } }
    },
    "fnMap": {
      "0": {
        "name": "(anonymous_0)",
        "decl": { "start": { "line": 7, "column": 8 }, "end": { "line": 7, "column": 9 } },
        "loc": { "start": { "line": 7, "column": 16 }, "end": { "line": 7, "column": 58 } },
        "line": 7
      },
      "1": {
        "name": "(anonymous_1)",
        "decl": { "start": { "line": 9, "column": 2 }, "end": { "line": 9, "column": 3 } },
        "loc": { "start": { "line": 9, "column": 11 }, "end": { "line": 37, "column": 3 } },
        "line": 9
      }
    },
    "branchMap": {
      "0": {
        "loc": { "start": { "line": 21, "column": 22 }, "end": { "line": 21, "column": 46 } },
        "type": "cond-expr",
        "locations": [
          { "start": { "line": 21, "column": 31 }, "end": { "line": 21, "column": 37 } },
          { "start": { "line": 21, "column": 40 }, "end": { "line": 21, "column": 46 } }
        ],
        "line": 21
      },
      "1": {
        "loc": { "start": { "line": 30, "column": 21 }, "end": { "line": 30, "column": 66 } },
        "type": "cond-expr",
        "locations": [
          { "start": { "line": 30, "column": 42 }, "end": { "line": 30, "column": 61 } },
          { "start": { "line": 30, "column": 64 }, "end": { "line": 30, "column": 66 } }
        ],
        "line": 30
      },
      "2": {
        "loc": { "start": { "line": 30, "column": 21 }, "end": { "line": 30, "column": 39 } },
        "type": "binary-expr",
        "locations": [
          { "start": { "line": 30, "column": 21 }, "end": { "line": 30, "column": 27 } },
          { "start": { "line": 30, "column": 31 }, "end": { "line": 30, "column": 39 } }
        ],
        "line": 30
      }
    },
    "s": { "0": 0, "1": 0, "2": 0, "3": 1, "4": 1 },
    "f": { "0": 0, "1": 0 },
    "b": { "0": [0, 0], "1": [0, 0], "2": [0, 0] },
    "_coverageSchema": "43e27e138ebf9cfc5966b082cf9a028302ed4184",
    "hash": "908d932ae5af9d55422ec2ff3d33822d002b7ad1"
  },
  "/Users/se/www/maintined/rkta-ui/src/molecules/Input/Base/index.jsx": {
    "path": "/Users/se/www/maintined/rkta-ui/src/molecules/Input/Base/index.jsx",
    "statementMap": {
      "0": { "start": { "line": 9, "column": 18 }, "end": { "line": 40, "column": 1 } },
      "1": { "start": { "line": 21, "column": 2 }, "end": { "line": 39, "column": 17 } },
      "2": { "start": { "line": 42, "column": 0 }, "end": { "line": 45, "column": 2 } },
      "3": { "start": { "line": 46, "column": 0 }, "end": { "line": 46, "column": 36 } }
    },
    "fnMap": {
      "0": {
        "name": "(anonymous_0)",
        "decl": { "start": { "line": 9, "column": 18 }, "end": { "line": 9, "column": 19 } },
        "loc": { "start": { "line": 21, "column": 2 }, "end": { "line": 39, "column": 17 } },
        "line": 21
      }
    },
    "branchMap": {
      "0": {
        "loc": { "start": { "line": 26, "column": 19 }, "end": { "line": 26, "column": 50 } },
        "type": "cond-expr",
        "locations": [
          { "start": { "line": 26, "column": 27 }, "end": { "line": 26, "column": 36 } },
          { "start": { "line": 26, "column": 39 }, "end": { "line": 26, "column": 50 } }
        ],
        "line": 26
      },
      "1": {
        "loc": { "start": { "line": 29, "column": 5 }, "end": { "line": 38, "column": 5 } },
        "type": "binary-expr",
        "locations": [
          { "start": { "line": 29, "column": 5 }, "end": { "line": 29, "column": 10 } },
          { "start": { "line": 30, "column": 6 }, "end": { "line": 37, "column": 8 } }
        ],
        "line": 29
      }
    },
    "s": { "0": 1, "1": 0, "2": 1, "3": 1 },
    "f": { "0": 0 },
    "b": { "0": [0, 0], "1": [0, 0] },
    "_coverageSchema": "43e27e138ebf9cfc5966b082cf9a028302ed4184",
    "hash": "941a888fd6dfd1607882ca37f769aaeed1a0a52f"
  },
  "/Users/se/www/maintined/rkta-ui/src/molecules/Input/Base/style.js": {
    "path": "/Users/se/www/maintined/rkta-ui/src/molecules/Input/Base/style.js",
    "statementMap": {},
    "fnMap": {},
    "branchMap": {},
    "s": {},
    "f": {},
    "b": {},
    "_coverageSchema": "43e27e138ebf9cfc5966b082cf9a028302ed4184",
    "hash": "94897684df9c951666419da568133b675ed893bd"
  },
  "/Users/se/www/maintined/rkta-ui/src/molecules/Input/Container/index.jsx": {
    "path": "/Users/se/www/maintined/rkta-ui/src/molecules/Input/Container/index.jsx",
    "statementMap": {
      "0": { "start": { "line": 7, "column": 23 }, "end": { "line": 41, "column": 1 } },
      "1": { "start": { "line": 15, "column": 22 }, "end": { "line": 15, "column": 53 } },
      "2": { "start": { "line": 16, "column": 2 }, "end": { "line": 32, "column": 3 } },
      "3": { "start": { "line": 17, "column": 4 }, "end": { "line": 31, "column": 6 } },
      "4": { "start": { "line": 33, "column": 2 }, "end": { "line": 40, "column": 4 } },
      "5": { "start": { "line": 43, "column": 0 }, "end": { "line": 46, "column": 2 } }
    },
    "fnMap": {
      "0": {
        "name": "(anonymous_0)",
        "decl": { "start": { "line": 7, "column": 23 }, "end": { "line": 7, "column": 24 } },
        "loc": { "start": { "line": 14, "column": 6 }, "end": { "line": 41, "column": 1 } },
        "line": 14
      }
    },
    "branchMap": {
      "0": {
        "loc": { "start": { "line": 15, "column": 22 }, "end": { "line": 15, "column": 53 } },
        "type": "cond-expr",
        "locations": [
          { "start": { "line": 15, "column": 34 }, "end": { "line": 15, "column": 43 } },
          { "start": { "line": 15, "column": 46 }, "end": { "line": 15, "column": 53 } }
        ],
        "line": 15
      },
      "1": {
        "loc": { "start": { "line": 16, "column": 2 }, "end": { "line": 32, "column": 3 } },
        "type": "if",
        "locations": [
          { "start": { "line": 16, "column": 2 }, "end": { "line": 32, "column": 3 } },
          { "start": { "line": 16, "column": 2 }, "end": { "line": 32, "column": 3 } }
        ],
        "line": 16
      }
    },
    "s": { "0": 1, "1": 0, "2": 0, "3": 0, "4": 0, "5": 1 },
    "f": { "0": 0 },
    "b": { "0": [0, 0], "1": [0, 0] },
    "_coverageSchema": "43e27e138ebf9cfc5966b082cf9a028302ed4184",
    "hash": "79b31f5f2d68460ff600988a4b391ca0f40feefa"
  },
  "/Users/se/www/maintined/rkta-ui/src/molecules/Input/Outline/index.jsx": {
    "path": "/Users/se/www/maintined/rkta-ui/src/molecules/Input/Outline/index.jsx",
    "statementMap": {
      "0": { "start": { "line": 8, "column": 21 }, "end": { "line": 26, "column": 1 } },
      "1": { "start": { "line": 9, "column": 2 }, "end": { "line": 25, "column": 10 } },
      "2": { "start": { "line": 28, "column": 0 }, "end": { "line": 28, "column": 42 } },
      "3": { "start": { "line": 29, "column": 0 }, "end": { "line": 33, "column": 2 } }
    },
    "fnMap": {
      "0": {
        "name": "(anonymous_0)",
        "decl": { "start": { "line": 8, "column": 21 }, "end": { "line": 8, "column": 22 } },
        "loc": { "start": { "line": 9, "column": 2 }, "end": { "line": 25, "column": 10 } },
        "line": 9
      }
    },
    "branchMap": {
      "0": {
        "loc": { "start": { "line": 21, "column": 18 }, "end": { "line": 21, "column": 52 } },
        "type": "cond-expr",
        "locations": [
          { "start": { "line": 21, "column": 34 }, "end": { "line": 21, "column": 48 } },
          { "start": { "line": 21, "column": 51 }, "end": { "line": 21, "column": 52 } }
        ],
        "line": 21
      }
    },
    "s": { "0": 1, "1": 0, "2": 1, "3": 1 },
    "f": { "0": 0 },
    "b": { "0": [0, 0] },
    "_coverageSchema": "43e27e138ebf9cfc5966b082cf9a028302ed4184",
    "hash": "8c7c851e77dd9ddb4fd652c9be55ece1a2b27cd0"
  },
  "/Users/se/www/maintined/rkta-ui/src/molecules/Input/Outline/style.js": {
    "path": "/Users/se/www/maintined/rkta-ui/src/molecules/Input/Outline/style.js",
    "statementMap": {},
    "fnMap": {},
    "branchMap": {},
    "s": {},
    "f": {},
    "b": {},
    "_coverageSchema": "43e27e138ebf9cfc5966b082cf9a028302ed4184",
    "hash": "e7a250fedcaae94a823a2c69a4fa21126d4ae167"
  },
  "/Users/se/www/maintined/rkta-ui/src/molecules/List/List.jsx": {
    "path": "/Users/se/www/maintined/rkta-ui/src/molecules/List/List.jsx",
    "statementMap": {
      "0": { "start": { "line": 6, "column": 13 }, "end": { "line": 6, "column": 54 } },
      "1": { "start": { "line": 6, "column": 22 }, "end": { "line": 6, "column": 54 } },
      "2": { "start": { "line": 8, "column": 0 }, "end": { "line": 8, "column": 26 } }
    },
    "fnMap": {
      "0": {
        "name": "(anonymous_0)",
        "decl": { "start": { "line": 6, "column": 13 }, "end": { "line": 6, "column": 14 } },
        "loc": { "start": { "line": 6, "column": 22 }, "end": { "line": 6, "column": 54 } },
        "line": 6
      }
    },
    "branchMap": {},
    "s": { "0": 1, "1": 0, "2": 1 },
    "f": { "0": 0 },
    "b": {},
    "_coverageSchema": "43e27e138ebf9cfc5966b082cf9a028302ed4184",
    "hash": "8e2e6c31fd70e862da339645a8e447a417f59bf4"
  },
  "/Users/se/www/maintined/rkta-ui/src/molecules/List/index.js": {
    "path": "/Users/se/www/maintined/rkta-ui/src/molecules/List/index.js",
    "statementMap": {},
    "fnMap": {},
    "branchMap": {},
    "s": {},
    "f": {},
    "b": {},
    "_coverageSchema": "43e27e138ebf9cfc5966b082cf9a028302ed4184",
    "hash": "7bdd65d422bb60af3471bb0c03188ac416971cf1"
  },
  "/Users/se/www/maintined/rkta-ui/src/molecules/List/style.js": {
    "path": "/Users/se/www/maintined/rkta-ui/src/molecules/List/style.js",
    "statementMap": {},
    "fnMap": {},
    "branchMap": {},
    "s": {},
    "f": {},
    "b": {},
    "_coverageSchema": "43e27e138ebf9cfc5966b082cf9a028302ed4184",
    "hash": "786e81e1a9afd623faf12aa7f02200da184b529e"
  },
  "/Users/se/www/maintined/rkta-ui/src/molecules/List/Button/index.jsx": {
    "path": "/Users/se/www/maintined/rkta-ui/src/molecules/List/Button/index.jsx",
    "statementMap": {
      "0": { "start": { "line": 6, "column": 19 }, "end": { "line": 15, "column": 1 } },
      "1": { "start": { "line": 7, "column": 2 }, "end": { "line": 14, "column": 4 } },
      "2": { "start": { "line": 17, "column": 0 }, "end": { "line": 17, "column": 38 } }
    },
    "fnMap": {
      "0": {
        "name": "(anonymous_0)",
        "decl": { "start": { "line": 6, "column": 19 }, "end": { "line": 6, "column": 20 } },
        "loc": { "start": { "line": 7, "column": 2 }, "end": { "line": 14, "column": 4 } },
        "line": 7
      }
    },
    "branchMap": {},
    "s": { "0": 1, "1": 0, "2": 1 },
    "f": { "0": 0 },
    "b": {},
    "_coverageSchema": "43e27e138ebf9cfc5966b082cf9a028302ed4184",
    "hash": "a0983c8d613e4e97039e317291d25bd902b292a2"
  },
  "/Users/se/www/maintined/rkta-ui/src/molecules/List/Item/Item.jsx": {
    "path": "/Users/se/www/maintined/rkta-ui/src/molecules/List/Item/Item.jsx",
    "statementMap": {
      "0": { "start": { "line": 9, "column": 17 }, "end": { "line": 42, "column": 1 } },
      "1": { "start": { "line": 20, "column": 2 }, "end": { "line": 41, "column": 16 } },
      "2": { "start": { "line": 44, "column": 0 }, "end": { "line": 44, "column": 34 } },
      "3": { "start": { "line": 45, "column": 0 }, "end": { "line": 52, "column": 2 } },
      "4": { "start": { "line": 53, "column": 0 }, "end": { "line": 56, "column": 2 } }
    },
    "fnMap": {
      "0": {
        "name": "(anonymous_0)",
        "decl": { "start": { "line": 9, "column": 17 }, "end": { "line": 9, "column": 18 } },
        "loc": { "start": { "line": 20, "column": 2 }, "end": { "line": 41, "column": 16 } },
        "line": 20
      }
    },
    "branchMap": {
      "0": {
        "loc": { "start": { "line": 28, "column": 5 }, "end": { "line": 39, "column": 16 } },
        "type": "cond-expr",
        "locations": [
          { "start": { "line": 30, "column": 8 }, "end": { "line": 37, "column": 15 } },
          { "start": { "line": 39, "column": 8 }, "end": { "line": 39, "column": 16 } }
        ],
        "line": 28
      }
    },
    "s": { "0": 1, "1": 0, "2": 1, "3": 1, "4": 1 },
    "f": { "0": 0 },
    "b": { "0": [0, 0] },
    "_coverageSchema": "43e27e138ebf9cfc5966b082cf9a028302ed4184",
    "hash": "09b443088c407b11bc5bfa7ba5eb903d13f9816e"
  },
  "/Users/se/www/maintined/rkta-ui/src/molecules/List/Item/index.js": {
    "path": "/Users/se/www/maintined/rkta-ui/src/molecules/List/Item/index.js",
    "statementMap": {},
    "fnMap": {},
    "branchMap": {},
    "s": {},
    "f": {},
    "b": {},
    "_coverageSchema": "43e27e138ebf9cfc5966b082cf9a028302ed4184",
    "hash": "5287eedf3acba403804dea3759df45236ccf4c03"
  },
  "/Users/se/www/maintined/rkta-ui/src/molecules/List/Item/style.js": {
    "path": "/Users/se/www/maintined/rkta-ui/src/molecules/List/Item/style.js",
    "statementMap": {},
    "fnMap": {},
    "branchMap": {},
    "s": {},
    "f": {},
    "b": {},
    "_coverageSchema": "43e27e138ebf9cfc5966b082cf9a028302ed4184",
    "hash": "21cd4cd6137a5f8b3645c23dd2702468f9093fea"
  },
  "/Users/se/www/maintined/rkta-ui/src/molecules/List/Item/Body/index.jsx": {
    "path": "/Users/se/www/maintined/rkta-ui/src/molecules/List/Item/Body/index.jsx",
    "statementMap": {
      "0": { "start": { "line": 8, "column": 21 }, "end": { "line": 17, "column": 1 } },
      "1": { "start": { "line": 9, "column": 2 }, "end": { "line": 16, "column": 9 } },
      "2": { "start": { "line": 19, "column": 0 }, "end": { "line": 19, "column": 42 } },
      "3": { "start": { "line": 20, "column": 0 }, "end": { "line": 24, "column": 2 } },
      "4": { "start": { "line": 25, "column": 0 }, "end": { "line": 29, "column": 2 } }
    },
    "fnMap": {
      "0": {
        "name": "(anonymous_0)",
        "decl": { "start": { "line": 8, "column": 21 }, "end": { "line": 8, "column": 22 } },
        "loc": { "start": { "line": 9, "column": 2 }, "end": { "line": 16, "column": 9 } },
        "line": 9
      }
    },
    "branchMap": {
      "0": {
        "loc": { "start": { "line": 10, "column": 5 }, "end": { "line": 15, "column": 5 } },
        "type": "binary-expr",
        "locations": [
          { "start": { "line": 10, "column": 5 }, "end": { "line": 10, "column": 13 } },
          { "start": { "line": 11, "column": 6 }, "end": { "line": 14, "column": 17 } }
        ],
        "line": 10
      },
      "1": {
        "loc": { "start": { "line": 13, "column": 9 }, "end": { "line": 13, "column": 50 } },
        "type": "binary-expr",
        "locations": [
          { "start": { "line": 13, "column": 9 }, "end": { "line": 13, "column": 16 } },
          { "start": { "line": 13, "column": 20 }, "end": { "line": 13, "column": 50 } }
        ],
        "line": 13
      }
    },
    "s": { "0": 1, "1": 0, "2": 1, "3": 1, "4": 1 },
    "f": { "0": 0 },
    "b": { "0": [0, 0], "1": [0, 0] },
    "_coverageSchema": "43e27e138ebf9cfc5966b082cf9a028302ed4184",
    "hash": "040d286a1de9d0d59ab3e48d63fca4550cdcd4df"
  },
  "/Users/se/www/maintined/rkta-ui/src/molecules/List/Item/Body/style.js": {
    "path": "/Users/se/www/maintined/rkta-ui/src/molecules/List/Item/Body/style.js",
    "statementMap": {},
    "fnMap": {},
    "branchMap": {},
    "s": {},
    "f": {},
    "b": {},
    "_coverageSchema": "43e27e138ebf9cfc5966b082cf9a028302ed4184",
    "hash": "26add3d0c8b12a359e1a190359e952fa37beceb4"
  },
  "/Users/se/www/maintined/rkta-ui/src/molecules/Spinner/index.jsx": {
    "path": "/Users/se/www/maintined/rkta-ui/src/molecules/Spinner/index.jsx",
    "statementMap": {
      "0": { "start": { "line": 7, "column": 22 }, "end": { "line": 19, "column": 1 } },
      "1": { "start": { "line": 21, "column": 24 }, "end": { "line": 36, "column": 2 } },
      "2": { "start": { "line": 21, "column": 55 }, "end": { "line": 36, "column": 1 } },
      "3": { "start": { "line": 38, "column": 16 }, "end": { "line": 50, "column": 1 } },
      "4": { "start": { "line": 46, "column": 2 }, "end": { "line": 49, "column": 9 } },
      "5": { "start": { "line": 52, "column": 0 }, "end": { "line": 52, "column": 32 } },
      "6": { "start": { "line": 53, "column": 0 }, "end": { "line": 60, "column": 2 } },
      "7": { "start": { "line": 62, "column": 0 }, "end": { "line": 67, "column": 2 } }
    },
    "fnMap": {
      "0": {
        "name": "(anonymous_0)",
        "decl": { "start": { "line": 21, "column": 24 }, "end": { "line": 21, "column": 25 } },
        "loc": { "start": { "line": 21, "column": 55 }, "end": { "line": 36, "column": 1 } },
        "line": 21
      },
      "1": {
        "name": "(anonymous_1)",
        "decl": { "start": { "line": 38, "column": 16 }, "end": { "line": 38, "column": 17 } },
        "loc": { "start": { "line": 46, "column": 2 }, "end": { "line": 49, "column": 9 } },
        "line": 46
      }
    },
    "branchMap": {},
    "s": { "0": 1, "1": 1, "2": 0, "3": 1, "4": 0, "5": 1, "6": 1, "7": 1 },
    "f": { "0": 0, "1": 0 },
    "b": {},
    "_coverageSchema": "43e27e138ebf9cfc5966b082cf9a028302ed4184",
    "hash": "738c16434b4527a5f58a58e2279721a2e618aa42"
  },
  "/Users/se/www/maintined/rkta-ui/src/molecules/Spinner/style.js": {
    "path": "/Users/se/www/maintined/rkta-ui/src/molecules/Spinner/style.js",
    "statementMap": {},
    "fnMap": {},
    "branchMap": {},
    "s": {},
    "f": {},
    "b": {},
    "_coverageSchema": "43e27e138ebf9cfc5966b082cf9a028302ed4184",
    "hash": "1f8c83faab3996d6812fbc7e9a60eb7efdca2089"
  },
  "/Users/se/www/maintined/rkta-ui/src/util/css.js": {
    "path": "/Users/se/www/maintined/rkta-ui/src/util/css.js",
    "statementMap": {
      "0": { "start": { "line": 2, "column": 24 }, "end": { "line": 2, "column": 29 } }
    },
    "fnMap": {
      "0": {
        "name": "(anonymous_0)",
        "decl": { "start": { "line": 2, "column": 15 }, "end": { "line": 2, "column": 16 } },
        "loc": { "start": { "line": 2, "column": 24 }, "end": { "line": 2, "column": 29 } },
        "line": 2
      }
    },
    "branchMap": {},
    "s": { "0": 15 },
    "f": { "0": 15 },
    "b": {},
    "_coverageSchema": "43e27e138ebf9cfc5966b082cf9a028302ed4184",
    "hash": "dd8ab8e65037e9cad516fce23dd9a953010e036d"
  },
  "/Users/se/www/maintined/rkta-ui/src/util/invariant.js": {
    "path": "/Users/se/www/maintined/rkta-ui/src/util/invariant.js",
    "statementMap": {
      "0": { "start": { "line": 2, "column": 2 }, "end": { "line": 2, "column": 43 } },
      "1": { "start": { "line": 2, "column": 18 }, "end": { "line": 2, "column": 43 } }
    },
    "fnMap": {
      "0": {
        "name": "(anonymous_0)",
        "decl": { "start": { "line": 1, "column": 15 }, "end": { "line": 1, "column": 16 } },
        "loc": { "start": { "line": 1, "column": 39 }, "end": { "line": 3, "column": 1 } },
        "line": 1
      }
    },
    "branchMap": {
      "0": {
        "loc": { "start": { "line": 2, "column": 2 }, "end": { "line": 2, "column": 43 } },
        "type": "if",
        "locations": [
          { "start": { "line": 2, "column": 2 }, "end": { "line": 2, "column": 43 } },
          { "start": { "line": 2, "column": 2 }, "end": { "line": 2, "column": 43 } }
        ],
        "line": 2
      }
    },
    "s": { "0": 0, "1": 0 },
    "f": { "0": 0 },
    "b": { "0": [0, 0] },
    "_coverageSchema": "43e27e138ebf9cfc5966b082cf9a028302ed4184",
    "hash": "5a2fdee7ad924c659e897438eef2d8637c286ca6"
  }
}
