{"/Users/se/www/maintined/rkta-ui/src/Theme/Context.js": {"path":"/Users/se/www/maintined/rkta-ui/src/Theme/Context.js","statementMap":{},"fnMap":{"0":{"name":"(anonymous_0)","decl":{"start":{"line":8,"column":2},"end":{"line":8,"column":3}},"loc":{"start":{"line":8,"column":16},"end":{"line":8,"column":18}},"line":8},"1":{"name":"(anonymous_1)","decl":{"start":{"line":9,"column":2},"end":{"line":9,"column":3}},"loc":{"start":{"line":9,"column":13},"end":{"line":9,"column":15}},"line":9}},"branchMap":{},"s":{},"f":{"0":0,"1":0},"b":{},"_coverageSchema":"43e27e138ebf9cfc5966b082cf9a028302ed4184","hash":"dfda8948e65e541756adf6866681cd600d815a8d"}
,"/Users/se/www/maintined/rkta-ui/src/Theme/color.js": {"path":"/Users/se/www/maintined/rkta-ui/src/Theme/color.js","statementMap":{"0":{"start":{"line":1,"column":23},"end":{"line":1,"column":32}},"1":{"start":{"line":2,"column":24},"end":{"line":2,"column":33}},"2":{"start":{"line":3,"column":24},"end":{"line":3,"column":33}},"3":{"start":{"line":5,"column":25},"end":{"line":5,"column":34}},"4":{"start":{"line":6,"column":26},"end":{"line":6,"column":35}},"5":{"start":{"line":8,"column":20},"end":{"line":8,"column":29}},"6":{"start":{"line":9,"column":23},"end":{"line":9,"column":41}},"7":{"start":{"line":11,"column":21},"end":{"line":11,"column":30}},"8":{"start":{"line":12,"column":22},"end":{"line":12,"column":31}},"9":{"start":{"line":13,"column":22},"end":{"line":13,"column":31}},"10":{"start":{"line":14,"column":22},"end":{"line":14,"column":31}},"11":{"start":{"line":16,"column":23},"end":{"line":16,"column":32}},"12":{"start":{"line":17,"column":23},"end":{"line":17,"column":32}},"13":{"start":{"line":19,"column":21},"end":{"line":36,"column":1}}},"fnMap":{},"branchMap":{},"s":{"0":1,"1":1,"2":1,"3":1,"4":1,"5":1,"6":1,"7":1,"8":1,"9":1,"10":1,"11":1,"12":1,"13":1},"f":{},"b":{},"_coverageSchema":"43e27e138ebf9cfc5966b082cf9a028302ed4184","hash":"34af56c328f0002cf17adf7b4760508f4249a4a9"}
,"/Users/se/www/maintined/rkta-ui/src/Theme/defaultRenderrer.jsx": {"path":"/Users/se/www/maintined/rkta-ui/src/Theme/defaultRenderrer.jsx","statementMap":{"0":{"start":{"line":3,"column":25},"end":{"line":6,"column":1}},"1":{"start":{"line":4,"column":2},"end":{"line":4,"column":67}},"2":{"start":{"line":4,"column":12},"end":{"line":4,"column":67}},"3":{"start":{"line":5,"column":2},"end":{"line":5,"column":33}}},"fnMap":{"0":{"name":"(anonymous_0)","decl":{"start":{"line":3,"column":25},"end":{"line":3,"column":26}},"loc":{"start":{"line":3,"column":59},"end":{"line":6,"column":1}},"line":3}},"branchMap":{"0":{"loc":{"start":{"line":4,"column":2},"end":{"line":4,"column":67}},"type":"if","locations":[{"start":{"line":4,"column":2},"end":{"line":4,"column":67}},{"start":{"line":4,"column":2},"end":{"line":4,"column":67}}],"line":4}},"s":{"0":1,"1":0,"2":0,"3":0},"f":{"0":0},"b":{"0":[0,0]},"_coverageSchema":"43e27e138ebf9cfc5966b082cf9a028302ed4184","hash":"040dcc948ab367329d47e3f207a222c60f780693"}
,"/Users/se/www/maintined/rkta-ui/src/Theme/defaultTheme.jsx": {"path":"/Users/se/www/maintined/rkta-ui/src/Theme/defaultTheme.jsx","statementMap":{},"fnMap":{},"branchMap":{},"s":{},"f":{},"b":{},"_coverageSchema":"43e27e138ebf9cfc5966b082cf9a028302ed4184","hash":"100eb53e5546fd6e08b73f5c9b0abe9b58f15913"}
,"/Users/se/www/maintined/rkta-ui/src/Theme/withStyle.jsx": {"path":"/Users/se/www/maintined/rkta-ui/src/Theme/withStyle.jsx","statementMap":{"0":{"start":{"line":7,"column":21},"end":{"line":23,"column":1}},"1":{"start":{"line":8,"column":38},"end":{"line":8,"column":60}},"2":{"start":{"line":9,"column":35},"end":{"line":20,"column":3}},"3":{"start":{"line":11,"column":20},"end":{"line":11,"column":30}},"4":{"start":{"line":12,"column":6},"end":{"line":13,"column":80}},"5":{"start":{"line":12,"column":43},"end":{"line":12,"column":85}},"6":{"start":{"line":13,"column":11},"end":{"line":13,"column":80}},"7":{"start":{"line":13,"column":33},"end":{"line":13,"column":80}},"8":{"start":{"line":14,"column":6},"end":{"line":14,"column":17}},"9":{"start":{"line":21,"column":14},"end":{"line":21,"column":44}},"10":{"start":{"line":22,"column":2},"end":{"line":22,"column":58}},"11":{"start":{"line":25,"column":18},"end":{"line":28,"column":1}},"12":{"start":{"line":26,"column":2},"end":{"line":26,"column":90}},"13":{"start":{"line":26,"column":36},"end":{"line":26,"column":90}},"14":{"start":{"line":27,"column":2},"end":{"line":27,"column":39}},"15":{"start":{"line":30,"column":18},"end":{"line":45,"column":1}},"16":{"start":{"line":31,"column":26},"end":{"line":31,"column":33}},"17":{"start":{"line":32,"column":20},"end":{"line":40,"column":4}},"18":{"start":{"line":33,"column":4},"end":{"line":39,"column":23}},"19":{"start":{"line":35,"column":8},"end":{"line":35,"column":65}},"20":{"start":{"line":36,"column":23},"end":{"line":36,"column":56}},"21":{"start":{"line":37,"column":8},"end":{"line":37,"column":83}},"22":{"start":{"line":41,"column":2},"end":{"line":41,"column":34}},"23":{"start":{"line":42,"column":2},"end":{"line":42,"column":38}},"24":{"start":{"line":43,"column":2},"end":{"line":43,"column":48}},"25":{"start":{"line":44,"column":2},"end":{"line":44,"column":19}}},"fnMap":{"0":{"name":"(anonymous_0)","decl":{"start":{"line":7,"column":21},"end":{"line":7,"column":22}},"loc":{"start":{"line":7,"column":72},"end":{"line":23,"column":1}},"line":7},"1":{"name":"(anonymous_1)","decl":{"start":{"line":10,"column":4},"end":{"line":10,"column":5}},"loc":{"start":{"line":10,"column":18},"end":{"line":15,"column":5}},"line":10},"2":{"name":"(anonymous_2)","decl":{"start":{"line":25,"column":18},"end":{"line":25,"column":19}},"loc":{"start":{"line":25,"column":56},"end":{"line":28,"column":1}},"line":25},"3":{"name":"(anonymous_3)","decl":{"start":{"line":30,"column":18},"end":{"line":30,"column":19}},"loc":{"start":{"line":30,"column":36},"end":{"line":45,"column":1}},"line":30},"4":{"name":"(anonymous_4)","decl":{"start":{"line":32,"column":31},"end":{"line":32,"column":32}},"loc":{"start":{"line":33,"column":4},"end":{"line":39,"column":23}},"line":33},"5":{"name":"(anonymous_5)","decl":{"start":{"line":34,"column":7},"end":{"line":34,"column":8}},"loc":{"start":{"line":34,"column":61},"end":{"line":38,"column":7}},"line":34}},"branchMap":{"0":{"loc":{"start":{"line":12,"column":6},"end":{"line":13,"column":80}},"type":"if","locations":[{"start":{"line":12,"column":6},"end":{"line":13,"column":80}},{"start":{"line":12,"column":6},"end":{"line":13,"column":80}}],"line":12},"1":{"loc":{"start":{"line":12,"column":10},"end":{"line":12,"column":41}},"type":"binary-expr","locations":[{"start":{"line":12,"column":10},"end":{"line":12,"column":24}},{"start":{"line":12,"column":28},"end":{"line":12,"column":41}}],"line":12},"2":{"loc":{"start":{"line":13,"column":11},"end":{"line":13,"column":80}},"type":"if","locations":[{"start":{"line":13,"column":11},"end":{"line":13,"column":80}},{"start":{"line":13,"column":11},"end":{"line":13,"column":80}}],"line":13},"3":{"loc":{"start":{"line":26,"column":2},"end":{"line":26,"column":90}},"type":"if","locations":[{"start":{"line":26,"column":2},"end":{"line":26,"column":90}},{"start":{"line":26,"column":2},"end":{"line":26,"column":90}}],"line":26},"4":{"loc":{"start":{"line":36,"column":23},"end":{"line":36,"column":56}},"type":"binary-expr","locations":[{"start":{"line":36,"column":23},"end":{"line":36,"column":36}},{"start":{"line":36,"column":40},"end":{"line":36,"column":56}}],"line":36},"5":{"loc":{"start":{"line":37,"column":57},"end":{"line":37,"column":75}},"type":"binary-expr","locations":[{"start":{"line":37,"column":57},"end":{"line":37,"column":60}},{"start":{"line":37,"column":64},"end":{"line":37,"column":75}}],"line":37}},"s":{"0":1,"1":0,"2":0,"3":0,"4":0,"5":0,"6":0,"7":0,"8":0,"9":0,"10":0,"11":1,"12":0,"13":0,"14":0,"15":1,"16":16,"17":16,"18":0,"19":0,"20":0,"21":0,"22":16,"23":16,"24":16,"25":16},"f":{"0":0,"1":0,"2":0,"3":16,"4":0,"5":0},"b":{"0":[0,0],"1":[0,0],"2":[0,0],"3":[0,0],"4":[0,0],"5":[0,0]},"_coverageSchema":"43e27e138ebf9cfc5966b082cf9a028302ed4184","hash":"2f05ae8865faae9f6141381b4cff1665d6266370"}
,"/Users/se/www/maintined/rkta-ui/src/atoms/index.js": {"path":"/Users/se/www/maintined/rkta-ui/src/atoms/index.js","statementMap":{},"fnMap":{},"branchMap":{},"s":{},"f":{},"b":{},"_coverageSchema":"43e27e138ebf9cfc5966b082cf9a028302ed4184","hash":"ea88c93e533a2021bd80c7e6bf887592fab98253"}
,"/Users/se/www/maintined/rkta-ui/src/atoms/Addon/index.jsx": {"path":"/Users/se/www/maintined/rkta-ui/src/atoms/Addon/index.jsx","statementMap":{"0":{"start":{"line":7,"column":14},"end":{"line":11,"column":1}},"1":{"start":{"line":8,"column":2},"end":{"line":10,"column":9}},"2":{"start":{"line":13,"column":0},"end":{"line":13,"column":28}},"3":{"start":{"line":14,"column":0},"end":{"line":23,"column":2}},"4":{"start":{"line":24,"column":0},"end":{"line":28,"column":2}},"5":{"start":{"line":30,"column":24},"end":{"line":30,"column":29}}},"fnMap":{"0":{"name":"(anonymous_0)","decl":{"start":{"line":7,"column":14},"end":{"line":7,"column":15}},"loc":{"start":{"line":8,"column":2},"end":{"line":10,"column":9}},"line":8}},"branchMap":{},"s":{"0":1,"1":0,"2":1,"3":1,"4":1,"5":1},"f":{"0":0},"b":{},"_coverageSchema":"43e27e138ebf9cfc5966b082cf9a028302ed4184","hash":"c2e413d1ad3310e9f21c61ff26158a513d527cbd"}
,"/Users/se/www/maintined/rkta-ui/src/atoms/Addon/style.js": {"path":"/Users/se/www/maintined/rkta-ui/src/atoms/Addon/style.js","statementMap":{},"fnMap":{},"branchMap":{},"s":{},"f":{},"b":{},"_coverageSchema":"43e27e138ebf9cfc5966b082cf9a028302ed4184","hash":"6d95f7daf957df09388b3ccedb54959487cbfb29"}
,"/Users/se/www/maintined/rkta-ui/src/atoms/Atom/index.jsx": {"path":"/Users/se/www/maintined/rkta-ui/src/atoms/Atom/index.jsx","statementMap":{"0":{"start":{"line":5,"column":13},"end":{"line":14,"column":41}},"1":{"start":{"line":14,"column":6},"end":{"line":14,"column":41}},"2":{"start":{"line":16,"column":0},"end":{"line":20,"column":2}},"3":{"start":{"line":22,"column":0},"end":{"line":26,"column":2}},"4":{"start":{"line":28,"column":23},"end":{"line":28,"column":27}},"5":{"start":{"line":30,"column":15},"end":{"line":30,"column":45}},"6":{"start":{"line":30,"column":41},"end":{"line":30,"column":44}},"7":{"start":{"line":31,"column":0},"end":{"line":31,"column":28}}},"fnMap":{"0":{"name":"(anonymous_0)","decl":{"start":{"line":5,"column":13},"end":{"line":5,"column":14}},"loc":{"start":{"line":14,"column":6},"end":{"line":14,"column":41}},"line":14},"1":{"name":"(anonymous_1)","decl":{"start":{"line":30,"column":28},"end":{"line":30,"column":29}},"loc":{"start":{"line":30,"column":41},"end":{"line":30,"column":44}},"line":30}},"branchMap":{},"s":{"0":1,"1":0,"2":1,"3":1,"4":1,"5":1,"6":0,"7":1},"f":{"0":0,"1":0},"b":{},"_coverageSchema":"43e27e138ebf9cfc5966b082cf9a028302ed4184","hash":"e212120af1793b540609625a64f44480e0e4e9f1"}
,"/Users/se/www/maintined/rkta-ui/src/atoms/Bage/index.jsx": {"path":"/Users/se/www/maintined/rkta-ui/src/atoms/Bage/index.jsx","statementMap":{"0":{"start":{"line":7,"column":13},"end":{"line":9,"column":1}},"1":{"start":{"line":8,"column":2},"end":{"line":8,"column":45}},"2":{"start":{"line":11,"column":0},"end":{"line":11,"column":26}},"3":{"start":{"line":12,"column":0},"end":{"line":19,"column":2}},"4":{"start":{"line":20,"column":0},"end":{"line":24,"column":2}},"5":{"start":{"line":26,"column":23},"end":{"line":26,"column":27}}},"fnMap":{"0":{"name":"(anonymous_0)","decl":{"start":{"line":7,"column":13},"end":{"line":7,"column":14}},"loc":{"start":{"line":8,"column":2},"end":{"line":8,"column":45}},"line":8}},"branchMap":{},"s":{"0":1,"1":0,"2":1,"3":1,"4":1,"5":1},"f":{"0":0},"b":{},"_coverageSchema":"43e27e138ebf9cfc5966b082cf9a028302ed4184","hash":"3178a11f43f28eec784fb291459e1953327f9f14"}
,"/Users/se/www/maintined/rkta-ui/src/atoms/Bage/style.js": {"path":"/Users/se/www/maintined/rkta-ui/src/atoms/Bage/style.js","statementMap":{},"fnMap":{},"branchMap":{},"s":{},"f":{},"b":{},"_coverageSchema":"43e27e138ebf9cfc5966b082cf9a028302ed4184","hash":"089c5417675cc505e75a90c8d870be34805c5f80"}
,"/Users/se/www/maintined/rkta-ui/src/atoms/Divider/index.jsx": {"path":"/Users/se/www/maintined/rkta-ui/src/atoms/Divider/index.jsx","statementMap":{"0":{"start":{"line":7,"column":16},"end":{"line":9,"column":1}},"1":{"start":{"line":8,"column":2},"end":{"line":8,"column":33}},"2":{"start":{"line":10,"column":0},"end":{"line":10,"column":32}},"3":{"start":{"line":12,"column":0},"end":{"line":21,"column":2}},"4":{"start":{"line":22,"column":0},"end":{"line":27,"column":2}},"5":{"start":{"line":29,"column":29},"end":{"line":29,"column":36}}},"fnMap":{"0":{"name":"(anonymous_0)","decl":{"start":{"line":7,"column":16},"end":{"line":7,"column":17}},"loc":{"start":{"line":8,"column":2},"end":{"line":8,"column":33}},"line":8}},"branchMap":{},"s":{"0":1,"1":0,"2":1,"3":1,"4":1,"5":1},"f":{"0":0},"b":{},"_coverageSchema":"43e27e138ebf9cfc5966b082cf9a028302ed4184","hash":"768683d3ad34e81755d9d985fa29fa24c6f8c751"}
,"/Users/se/www/maintined/rkta-ui/src/atoms/Divider/style.js": {"path":"/Users/se/www/maintined/rkta-ui/src/atoms/Divider/style.js","statementMap":{},"fnMap":{},"branchMap":{},"s":{},"f":{},"b":{},"_coverageSchema":"43e27e138ebf9cfc5966b082cf9a028302ed4184","hash":"193c016df7fe6b400bf53bf19bf41d29a9f5e20a"}
,"/Users/se/www/maintined/rkta-ui/src/atoms/Font/index.jsx": {"path":"/Users/se/www/maintined/rkta-ui/src/atoms/Font/index.jsx","statementMap":{"0":{"start":{"line":7,"column":21},"end":{"line":10,"column":1}},"1":{"start":{"line":8,"column":18},"end":{"line":8,"column":57}},"2":{"start":{"line":9,"column":2},"end":{"line":9,"column":35}},"3":{"start":{"line":12,"column":13},"end":{"line":16,"column":1}},"4":{"start":{"line":13,"column":2},"end":{"line":15,"column":9}},"5":{"start":{"line":18,"column":0},"end":{"line":18,"column":26}},"6":{"start":{"line":19,"column":0},"end":{"line":23,"column":2}},"7":{"start":{"line":24,"column":0},"end":{"line":27,"column":2}}},"fnMap":{"0":{"name":"(anonymous_0)","decl":{"start":{"line":7,"column":21},"end":{"line":7,"column":22}},"loc":{"start":{"line":7,"column":48},"end":{"line":10,"column":1}},"line":7},"1":{"name":"(anonymous_1)","decl":{"start":{"line":12,"column":13},"end":{"line":12,"column":14}},"loc":{"start":{"line":13,"column":2},"end":{"line":15,"column":9}},"line":13}},"branchMap":{},"s":{"0":1,"1":0,"2":0,"3":1,"4":0,"5":1,"6":1,"7":1},"f":{"0":0,"1":0},"b":{},"_coverageSchema":"43e27e138ebf9cfc5966b082cf9a028302ed4184","hash":"f75fff21cbe1f01996ec0dbaa1b536ab0a73b6a2"}
,"/Users/se/www/maintined/rkta-ui/src/atoms/Font/style.js": {"path":"/Users/se/www/maintined/rkta-ui/src/atoms/Font/style.js","statementMap":{},"fnMap":{},"branchMap":{},"s":{},"f":{},"b":{},"_coverageSchema":"43e27e138ebf9cfc5966b082cf9a028302ed4184","hash":"1aa05a974f26e61055542d5e11cff539e96918f0"}
,"/Users/se/www/maintined/rkta-ui/src/atoms/Header/index.jsx": {"path":"/Users/se/www/maintined/rkta-ui/src/atoms/Header/index.jsx","statementMap":{"0":{"start":{"line":7,"column":21},"end":{"line":13,"column":1}},"1":{"start":{"line":8,"column":2},"end":{"line":11,"column":3}},"2":{"start":{"line":9,"column":20},"end":{"line":9,"column":31}},"3":{"start":{"line":10,"column":4},"end":{"line":10,"column":49}},"4":{"start":{"line":12,"column":2},"end":{"line":12,"column":40}},"5":{"start":{"line":15,"column":15},"end":{"line":17,"column":1}},"6":{"start":{"line":16,"column":2},"end":{"line":16,"column":56}},"7":{"start":{"line":19,"column":0},"end":{"line":19,"column":30}},"8":{"start":{"line":20,"column":0},"end":{"line":23,"column":2}},"9":{"start":{"line":25,"column":0},"end":{"line":28,"column":2}}},"fnMap":{"0":{"name":"(anonymous_0)","decl":{"start":{"line":7,"column":21},"end":{"line":7,"column":22}},"loc":{"start":{"line":7,"column":38},"end":{"line":13,"column":1}},"line":7},"1":{"name":"(anonymous_1)","decl":{"start":{"line":15,"column":15},"end":{"line":15,"column":16}},"loc":{"start":{"line":16,"column":2},"end":{"line":16,"column":56}},"line":16}},"branchMap":{"0":{"loc":{"start":{"line":8,"column":2},"end":{"line":11,"column":3}},"type":"if","locations":[{"start":{"line":8,"column":2},"end":{"line":11,"column":3}},{"start":{"line":8,"column":2},"end":{"line":11,"column":3}}],"line":8},"1":{"loc":{"start":{"line":8,"column":6},"end":{"line":8,"column":30}},"type":"binary-expr","locations":[{"start":{"line":8,"column":6},"end":{"line":8,"column":16}},{"start":{"line":8,"column":20},"end":{"line":8,"column":30}}],"line":8}},"s":{"0":1,"1":0,"2":0,"3":0,"4":0,"5":1,"6":0,"7":1,"8":1,"9":1},"f":{"0":0,"1":0},"b":{"0":[0,0],"1":[0,0]},"_coverageSchema":"43e27e138ebf9cfc5966b082cf9a028302ed4184","hash":"f4b5ba5532055104df4cf0ba7cb65c78eabe04ea"}
,"/Users/se/www/maintined/rkta-ui/src/atoms/Header/style.js": {"path":"/Users/se/www/maintined/rkta-ui/src/atoms/Header/style.js","statementMap":{},"fnMap":{},"branchMap":{},"s":{},"f":{},"b":{},"_coverageSchema":"43e27e138ebf9cfc5966b082cf9a028302ed4184","hash":"82da0297b94702c3fb635121bd33aa107420b868"}
,"/Users/se/www/maintined/rkta-ui/src/atoms/Paper/index.jsx": {"path":"/Users/se/www/maintined/rkta-ui/src/atoms/Paper/index.jsx","statementMap":{"0":{"start":{"line":7,"column":20},"end":{"line":24,"column":1}},"1":{"start":{"line":8,"column":18},"end":{"line":8,"column":20}},"2":{"start":{"line":9,"column":2},"end":{"line":18,"column":3}},"3":{"start":{"line":10,"column":17},"end":{"line":10,"column":39}},"4":{"start":{"line":11,"column":4},"end":{"line":17,"column":7}},"5":{"start":{"line":19,"column":2},"end":{"line":22,"column":3}},"6":{"start":{"line":20,"column":20},"end":{"line":20,"column":31}},"7":{"start":{"line":21,"column":4},"end":{"line":21,"column":64}},"8":{"start":{"line":23,"column":2},"end":{"line":23,"column":67}},"9":{"start":{"line":26,"column":14},"end":{"line":26,"column":55}},"10":{"start":{"line":26,"column":23},"end":{"line":26,"column":55}},"11":{"start":{"line":28,"column":0},"end":{"line":28,"column":28}},"12":{"start":{"line":29,"column":0},"end":{"line":32,"column":2}},"13":{"start":{"line":33,"column":0},"end":{"line":36,"column":2}}},"fnMap":{"0":{"name":"(anonymous_0)","decl":{"start":{"line":7,"column":20},"end":{"line":7,"column":21}},"loc":{"start":{"line":7,"column":62},"end":{"line":24,"column":1}},"line":7},"1":{"name":"(anonymous_1)","decl":{"start":{"line":26,"column":14},"end":{"line":26,"column":15}},"loc":{"start":{"line":26,"column":23},"end":{"line":26,"column":55}},"line":26}},"branchMap":{"0":{"loc":{"start":{"line":9,"column":2},"end":{"line":18,"column":3}},"type":"if","locations":[{"start":{"line":9,"column":2},"end":{"line":18,"column":3}},{"start":{"line":9,"column":2},"end":{"line":18,"column":3}}],"line":9},"1":{"loc":{"start":{"line":19,"column":2},"end":{"line":22,"column":3}},"type":"if","locations":[{"start":{"line":19,"column":2},"end":{"line":22,"column":3}},{"start":{"line":19,"column":2},"end":{"line":22,"column":3}}],"line":19}},"s":{"0":1,"1":0,"2":0,"3":0,"4":0,"5":0,"6":0,"7":0,"8":0,"9":1,"10":0,"11":1,"12":1,"13":1},"f":{"0":0,"1":0},"b":{"0":[0,0],"1":[0,0]},"_coverageSchema":"43e27e138ebf9cfc5966b082cf9a028302ed4184","hash":"6445f9b7011ac05b16169ae9ac93be6db63d4b6d"}
,"/Users/se/www/maintined/rkta-ui/src/atoms/Paper/style.js": {"path":"/Users/se/www/maintined/rkta-ui/src/atoms/Paper/style.js","statementMap":{"0":{"start":{"line":4,"column":18},"end":{"line":4,"column":24}},"1":{"start":{"line":6,"column":21},"end":{"line":11,"column":2}},"2":{"start":{"line":6,"column":32},"end":{"line":11,"column":1}}},"fnMap":{"0":{"name":"(anonymous_0)","decl":{"start":{"line":6,"column":21},"end":{"line":6,"column":22}},"loc":{"start":{"line":6,"column":32},"end":{"line":11,"column":1}},"line":6}},"branchMap":{},"s":{"0":1,"1":1,"2":4},"f":{"0":4},"b":{},"_coverageSchema":"43e27e138ebf9cfc5966b082cf9a028302ed4184","hash":"aba55c70a47bf0637335fb89b1f544af9bc66932"}
,"/Users/se/www/maintined/rkta-ui/src/atoms/Svg/index.jsx": {"path":"/Users/se/www/maintined/rkta-ui/src/atoms/Svg/index.jsx","statementMap":{"0":{"start":{"line":7,"column":12},"end":{"line":21,"column":1}},"1":{"start":{"line":8,"column":2},"end":{"line":20,"column":9}},"2":{"start":{"line":23,"column":0},"end":{"line":29,"column":2}},"3":{"start":{"line":30,"column":0},"end":{"line":33,"column":2}},"4":{"start":{"line":34,"column":0},"end":{"line":34,"column":24}}},"fnMap":{"0":{"name":"(anonymous_0)","decl":{"start":{"line":7,"column":12},"end":{"line":7,"column":13}},"loc":{"start":{"line":8,"column":2},"end":{"line":20,"column":9}},"line":8}},"branchMap":{"0":{"loc":{"start":{"line":12,"column":12},"end":{"line":12,"column":52}},"type":"cond-expr","locations":[{"start":{"line":12,"column":20},"end":{"line":12,"column":35}},{"start":{"line":12,"column":38},"end":{"line":12,"column":52}}],"line":12}},"s":{"0":1,"1":0,"2":1,"3":1,"4":1},"f":{"0":0},"b":{"0":[0,0]},"_coverageSchema":"43e27e138ebf9cfc5966b082cf9a028302ed4184","hash":"24841d062556409fc582ec5b7117ad4d1a786fd7"}
,"/Users/se/www/maintined/rkta-ui/src/atoms/Svg/style.js": {"path":"/Users/se/www/maintined/rkta-ui/src/atoms/Svg/style.js","statementMap":{},"fnMap":{},"branchMap":{},"s":{},"f":{},"b":{},"_coverageSchema":"43e27e138ebf9cfc5966b082cf9a028302ed4184","hash":"315e2390a52553b79a3a3ce7bc08f08aefef8a70"}
,"/Users/se/www/maintined/rkta-ui/src/fx/index.js": {"path":"/Users/se/www/maintined/rkta-ui/src/fx/index.js","statementMap":{},"fnMap":{},"branchMap":{},"s":{},"f":{},"b":{},"_coverageSchema":"43e27e138ebf9cfc5966b082cf9a028302ed4184","hash":"3759a33d1f1b5242687a024e3796bd2243b9a7df"}
,"/Users/se/www/maintined/rkta-ui/src/fx/Ripple/Wave.jsx": {"path":"/Users/se/www/maintined/rkta-ui/src/fx/Ripple/Wave.jsx","statementMap":{"0":{"start":{"line":6,"column":19},"end":{"line":19,"column":1}},"1":{"start":{"line":21,"column":17},"end":{"line":24,"column":1}},"2":{"start":{"line":22,"column":2},"end":{"line":22,"column":61}},"3":{"start":{"line":22,"column":16},"end":{"line":22,"column":61}},"4":{"start":{"line":23,"column":2},"end":{"line":23,"column":35}},"5":{"start":{"line":26,"column":13},"end":{"line":35,"column":1}},"6":{"start":{"line":27,"column":2},"end":{"line":34,"column":4}},"7":{"start":{"line":37,"column":0},"end":{"line":42,"column":2}},"8":{"start":{"line":43,"column":0},"end":{"line":46,"column":2}}},"fnMap":{"0":{"name":"(anonymous_0)","decl":{"start":{"line":21,"column":17},"end":{"line":21,"column":18}},"loc":{"start":{"line":21,"column":36},"end":{"line":24,"column":1}},"line":21},"1":{"name":"(anonymous_1)","decl":{"start":{"line":26,"column":13},"end":{"line":26,"column":14}},"loc":{"start":{"line":27,"column":2},"end":{"line":34,"column":4}},"line":27}},"branchMap":{"0":{"loc":{"start":{"line":22,"column":2},"end":{"line":22,"column":61}},"type":"if","locations":[{"start":{"line":22,"column":2},"end":{"line":22,"column":61}},{"start":{"line":22,"column":2},"end":{"line":22,"column":61}}],"line":22}},"s":{"0":1,"1":1,"2":0,"3":0,"4":0,"5":1,"6":0,"7":1,"8":1},"f":{"0":0,"1":0},"b":{"0":[0,0]},"_coverageSchema":"43e27e138ebf9cfc5966b082cf9a028302ed4184","hash":"05c2addaac551290c523b753e08222fff4615b9d"}
,"/Users/se/www/maintined/rkta-ui/src/fx/Ripple/index.jsx": {"path":"/Users/se/www/maintined/rkta-ui/src/fx/Ripple/index.jsx","statementMap":{"0":{"start":{"line":9,"column":18},"end":{"line":18,"column":1}},"1":{"start":{"line":10,"column":40},"end":{"line":10,"column":46}},"2":{"start":{"line":11,"column":24},"end":{"line":11,"column":54}},"3":{"start":{"line":12,"column":2},"end":{"line":17,"column":4}},"4":{"start":{"line":27,"column":32},"end":{"line":27,"column":42}},"5":{"start":{"line":28,"column":4},"end":{"line":28,"column":27}},"6":{"start":{"line":32,"column":31},"end":{"line":32,"column":41}},"7":{"start":{"line":33,"column":4},"end":{"line":33,"column":46}},"8":{"start":{"line":33,"column":34},"end":{"line":33,"column":46}},"9":{"start":{"line":34,"column":4},"end":{"line":34,"column":33}},"10":{"start":{"line":38,"column":4},"end":{"line":45,"column":7}},"11":{"start":{"line":39,"column":6},"end":{"line":44,"column":8}},"12":{"start":{"line":48,"column":37},"end":{"line":51,"column":7}},"13":{"start":{"line":49,"column":4},"end":{"line":51,"column":7}},"14":{"start":{"line":49,"column":34},"end":{"line":51,"column":5}},"15":{"start":{"line":50,"column":34},"end":{"line":50,"column":58}},"16":{"start":{"line":54,"column":41},"end":{"line":54,"column":57}},"17":{"start":{"line":55,"column":17},"end":{"line":55,"column":54}},"18":{"start":{"line":56,"column":21},"end":{"line":56,"column":29}},"19":{"start":{"line":57,"column":4},"end":{"line":67,"column":7}},"20":{"start":{"line":71,"column":4},"end":{"line":76,"column":8}},"21":{"start":{"line":71,"column":34},"end":{"line":76,"column":5}},"22":{"start":{"line":72,"column":32},"end":{"line":75,"column":7}},"23":{"start":{"line":79,"column":22},"end":{"line":79,"column":54}},"24":{"start":{"line":82,"column":55},"end":{"line":82,"column":86}},"25":{"start":{"line":83,"column":30},"end":{"line":83,"column":46}},"26":{"start":{"line":84,"column":17},"end":{"line":84,"column":54}},"27":{"start":{"line":85,"column":21},"end":{"line":85,"column":29}},"28":{"start":{"line":87,"column":4},"end":{"line":101,"column":7}},"29":{"start":{"line":88,"column":6},"end":{"line":88,"column":36}},"30":{"start":{"line":88,"column":24},"end":{"line":88,"column":36}},"31":{"start":{"line":89,"column":6},"end":{"line":100,"column":8}},"32":{"start":{"line":105,"column":4},"end":{"line":107,"column":8}},"33":{"start":{"line":105,"column":34},"end":{"line":107,"column":5}},"34":{"start":{"line":111,"column":4},"end":{"line":137,"column":6}},"35":{"start":{"line":141,"column":0},"end":{"line":141,"column":30}},"36":{"start":{"line":142,"column":0},"end":{"line":146,"column":2}},"37":{"start":{"line":147,"column":0},"end":{"line":149,"column":2}}},"fnMap":{"0":{"name":"(anonymous_0)","decl":{"start":{"line":9,"column":18},"end":{"line":9,"column":19}},"loc":{"start":{"line":9,"column":34},"end":{"line":18,"column":1}},"line":9},"1":{"name":"(anonymous_1)","decl":{"start":{"line":26,"column":2},"end":{"line":26,"column":3}},"loc":{"start":{"line":26,"column":24},"end":{"line":29,"column":3}},"line":26},"2":{"name":"(anonymous_2)","decl":{"start":{"line":31,"column":2},"end":{"line":31,"column":3}},"loc":{"start":{"line":31,"column":16},"end":{"line":35,"column":3}},"line":31},"3":{"name":"(anonymous_3)","decl":{"start":{"line":37,"column":2},"end":{"line":37,"column":3}},"loc":{"start":{"line":37,"column":14},"end":{"line":46,"column":3}},"line":37},"4":{"name":"(anonymous_4)","decl":{"start":{"line":38,"column":32},"end":{"line":38,"column":33}},"loc":{"start":{"line":39,"column":6},"end":{"line":44,"column":8}},"line":39},"5":{"name":"(anonymous_5)","decl":{"start":{"line":48,"column":26},"end":{"line":48,"column":27}},"loc":{"start":{"line":48,"column":37},"end":{"line":51,"column":7}},"line":48},"6":{"name":"(anonymous_6)","decl":{"start":{"line":48,"column":37},"end":{"line":48,"column":38}},"loc":{"start":{"line":49,"column":4},"end":{"line":51,"column":7}},"line":49},"7":{"name":"(anonymous_7)","decl":{"start":{"line":49,"column":18},"end":{"line":49,"column":19}},"loc":{"start":{"line":49,"column":34},"end":{"line":51,"column":5}},"line":49},"8":{"name":"(anonymous_8)","decl":{"start":{"line":50,"column":26},"end":{"line":50,"column":27}},"loc":{"start":{"line":50,"column":34},"end":{"line":50,"column":58}},"line":50},"9":{"name":"(anonymous_9)","decl":{"start":{"line":53,"column":14},"end":{"line":53,"column":15}},"loc":{"start":{"line":53,"column":23},"end":{"line":68,"column":3}},"line":53},"10":{"name":"(anonymous_10)","decl":{"start":{"line":70,"column":12},"end":{"line":70,"column":13}},"loc":{"start":{"line":70,"column":18},"end":{"line":77,"column":3}},"line":70},"11":{"name":"(anonymous_11)","decl":{"start":{"line":71,"column":18},"end":{"line":71,"column":19}},"loc":{"start":{"line":71,"column":34},"end":{"line":76,"column":5}},"line":71},"12":{"name":"(anonymous_12)","decl":{"start":{"line":72,"column":23},"end":{"line":72,"column":24}},"loc":{"start":{"line":72,"column":32},"end":{"line":75,"column":7}},"line":72},"13":{"name":"(anonymous_13)","decl":{"start":{"line":79,"column":16},"end":{"line":79,"column":17}},"loc":{"start":{"line":79,"column":22},"end":{"line":79,"column":54}},"line":79},"14":{"name":"(anonymous_14)","decl":{"start":{"line":81,"column":13},"end":{"line":81,"column":14}},"loc":{"start":{"line":81,"column":37},"end":{"line":102,"column":3}},"line":81},"15":{"name":"(anonymous_15)","decl":{"start":{"line":87,"column":18},"end":{"line":87,"column":19}},"loc":{"start":{"line":87,"column":33},"end":{"line":101,"column":5}},"line":87},"16":{"name":"(anonymous_16)","decl":{"start":{"line":104,"column":2},"end":{"line":104,"column":3}},"loc":{"start":{"line":104,"column":17},"end":{"line":108,"column":3}},"line":104},"17":{"name":"(anonymous_17)","decl":{"start":{"line":105,"column":18},"end":{"line":105,"column":19}},"loc":{"start":{"line":105,"column":34},"end":{"line":107,"column":5}},"line":105},"18":{"name":"(anonymous_18)","decl":{"start":{"line":110,"column":2},"end":{"line":110,"column":3}},"loc":{"start":{"line":110,"column":11},"end":{"line":138,"column":3}},"line":110}},"branchMap":{"0":{"loc":{"start":{"line":33,"column":4},"end":{"line":33,"column":46}},"type":"if","locations":[{"start":{"line":33,"column":4},"end":{"line":33,"column":46}},{"start":{"line":33,"column":4},"end":{"line":33,"column":46}}],"line":33},"1":{"loc":{"start":{"line":33,"column":8},"end":{"line":33,"column":32}},"type":"binary-expr","locations":[{"start":{"line":33,"column":8},"end":{"line":33,"column":16}},{"start":{"line":33,"column":20},"end":{"line":33,"column":32}}],"line":33},"2":{"loc":{"start":{"line":88,"column":6},"end":{"line":88,"column":36}},"type":"if","locations":[{"start":{"line":88,"column":6},"end":{"line":88,"column":36}},{"start":{"line":88,"column":6},"end":{"line":88,"column":36}}],"line":88}},"s":{"0":1,"1":0,"2":0,"3":0,"4":0,"5":0,"6":0,"7":0,"8":0,"9":0,"10":0,"11":0,"12":0,"13":0,"14":0,"15":0,"16":0,"17":0,"18":0,"19":0,"20":0,"21":0,"22":0,"23":0,"24":0,"25":0,"26":0,"27":0,"28":0,"29":0,"30":0,"31":0,"32":0,"33":0,"34":0,"35":1,"36":1,"37":1},"f":{"0":0,"1":0,"2":0,"3":0,"4":0,"5":0,"6":0,"7":0,"8":0,"9":0,"10":0,"11":0,"12":0,"13":0,"14":0,"15":0,"16":0,"17":0,"18":0},"b":{"0":[0,0],"1":[0,0],"2":[0,0]},"_coverageSchema":"43e27e138ebf9cfc5966b082cf9a028302ed4184","hash":"b4a84d9c4e7a37205a30da76fead3a3b201fe910"}
,"/Users/se/www/maintined/rkta-ui/src/fx/Ripple/style.js": {"path":"/Users/se/www/maintined/rkta-ui/src/fx/Ripple/style.js","statementMap":{},"fnMap":{},"branchMap":{},"s":{},"f":{},"b":{},"_coverageSchema":"43e27e138ebf9cfc5966b082cf9a028302ed4184","hash":"a69389fb617933360e1f42c4dea6ccaf3b40f718"}
,"/Users/se/www/maintined/rkta-ui/src/molecules/index.js": {"path":"/Users/se/www/maintined/rkta-ui/src/molecules/index.js","statementMap":{},"fnMap":{},"branchMap":{},"s":{},"f":{},"b":{},"_coverageSchema":"43e27e138ebf9cfc5966b082cf9a028302ed4184","hash":"2328b71fa44fbac6a613497787f4bf156f0860f9"}
,"/Users/se/www/maintined/rkta-ui/src/molecules/Button/index.jsx": {"path":"/Users/se/www/maintined/rkta-ui/src/molecules/Button/index.jsx","statementMap":{"0":{"start":{"line":22,"column":27},"end":{"line":22,"column":37}},"1":{"start":{"line":23,"column":4},"end":{"line":26,"column":5}},"2":{"start":{"line":24,"column":52},"end":{"line":24,"column":55}},"3":{"start":{"line":25,"column":6},"end":{"line":25,"column":37}},"4":{"start":{"line":27,"column":4},"end":{"line":27,"column":15}},"5":{"start":{"line":30,"column":31},"end":{"line":30,"column":41}},"6":{"start":{"line":31,"column":4},"end":{"line":31,"column":51}},"7":{"start":{"line":35,"column":24},"end":{"line":35,"column":38}},"8":{"start":{"line":36,"column":4},"end":{"line":36,"column":39}},"9":{"start":{"line":36,"column":17},"end":{"line":36,"column":39}},"10":{"start":{"line":39,"column":24},"end":{"line":39,"column":38}},"11":{"start":{"line":40,"column":4},"end":{"line":40,"column":58}},"12":{"start":{"line":40,"column":17},"end":{"line":40,"column":58}},"13":{"start":{"line":42,"column":27},"end":{"line":42,"column":64}},"14":{"start":{"line":43,"column":27},"end":{"line":43,"column":65}},"15":{"start":{"line":45,"column":24},"end":{"line":45,"column":38}},"16":{"start":{"line":46,"column":4},"end":{"line":46,"column":42}},"17":{"start":{"line":46,"column":17},"end":{"line":46,"column":42}},"18":{"start":{"line":47,"column":4},"end":{"line":47,"column":36}},"19":{"start":{"line":50,"column":24},"end":{"line":50,"column":38}},"20":{"start":{"line":51,"column":4},"end":{"line":51,"column":40}},"21":{"start":{"line":51,"column":17},"end":{"line":51,"column":40}},"22":{"start":{"line":52,"column":4},"end":{"line":52,"column":34}},"23":{"start":{"line":77,"column":8},"end":{"line":77,"column":18}},"24":{"start":{"line":79,"column":39},"end":{"line":79,"column":49}},"25":{"start":{"line":80,"column":4},"end":{"line":109,"column":6}},"26":{"start":{"line":113,"column":0},"end":{"line":113,"column":30}},"27":{"start":{"line":114,"column":0},"end":{"line":160,"column":2}},"28":{"start":{"line":147,"column":4},"end":{"line":151,"column":5}},"29":{"start":{"line":148,"column":6},"end":{"line":150,"column":47}},"30":{"start":{"line":152,"column":4},"end":{"line":152,"column":21}},"31":{"start":{"line":162,"column":0},"end":{"line":182,"column":2}},"32":{"start":{"line":184,"column":28},"end":{"line":184,"column":34}}},"fnMap":{"0":{"name":"(anonymous_0)","decl":{"start":{"line":21,"column":2},"end":{"line":21,"column":3}},"loc":{"start":{"line":21,"column":12},"end":{"line":28,"column":3}},"line":21},"1":{"name":"(anonymous_1)","decl":{"start":{"line":29,"column":2},"end":{"line":29,"column":3}},"loc":{"start":{"line":29,"column":16},"end":{"line":32,"column":3}},"line":29},"2":{"name":"(anonymous_2)","decl":{"start":{"line":34,"column":15},"end":{"line":34,"column":16}},"loc":{"start":{"line":34,"column":21},"end":{"line":37,"column":3}},"line":34},"3":{"name":"(anonymous_3)","decl":{"start":{"line":38,"column":16},"end":{"line":38,"column":17}},"loc":{"start":{"line":38,"column":25},"end":{"line":41,"column":3}},"line":38},"4":{"name":"(anonymous_4)","decl":{"start":{"line":42,"column":21},"end":{"line":42,"column":22}},"loc":{"start":{"line":42,"column":27},"end":{"line":42,"column":64}},"line":42},"5":{"name":"(anonymous_5)","decl":{"start":{"line":43,"column":21},"end":{"line":43,"column":22}},"loc":{"start":{"line":43,"column":27},"end":{"line":43,"column":65}},"line":43},"6":{"name":"(anonymous_6)","decl":{"start":{"line":44,"column":15},"end":{"line":44,"column":16}},"loc":{"start":{"line":44,"column":24},"end":{"line":48,"column":3}},"line":44},"7":{"name":"(anonymous_7)","decl":{"start":{"line":49,"column":13},"end":{"line":49,"column":14}},"loc":{"start":{"line":49,"column":22},"end":{"line":53,"column":3}},"line":49},"8":{"name":"(anonymous_8)","decl":{"start":{"line":55,"column":2},"end":{"line":55,"column":3}},"loc":{"start":{"line":55,"column":11},"end":{"line":110,"column":3}},"line":55},"9":{"name":"(anonymous_9)","decl":{"start":{"line":146,"column":2},"end":{"line":146,"column":3}},"loc":{"start":{"line":146,"column":24},"end":{"line":153,"column":3}},"line":146},"10":{"name":"(anonymous_10)","decl":{"start":{"line":174,"column":2},"end":{"line":174,"column":3}},"loc":{"start":{"line":174,"column":18},"end":{"line":174,"column":20}},"line":174},"11":{"name":"(anonymous_11)","decl":{"start":{"line":175,"column":2},"end":{"line":175,"column":3}},"loc":{"start":{"line":175,"column":16},"end":{"line":175,"column":18}},"line":175}},"branchMap":{"0":{"loc":{"start":{"line":23,"column":4},"end":{"line":26,"column":5}},"type":"if","locations":[{"start":{"line":23,"column":4},"end":{"line":26,"column":5}},{"start":{"line":23,"column":4},"end":{"line":26,"column":5}}],"line":23},"1":{"loc":{"start":{"line":36,"column":4},"end":{"line":36,"column":39}},"type":"if","locations":[{"start":{"line":36,"column":4},"end":{"line":36,"column":39}},{"start":{"line":36,"column":4},"end":{"line":36,"column":39}}],"line":36},"2":{"loc":{"start":{"line":40,"column":4},"end":{"line":40,"column":58}},"type":"if","locations":[{"start":{"line":40,"column":4},"end":{"line":40,"column":58}},{"start":{"line":40,"column":4},"end":{"line":40,"column":58}}],"line":40},"3":{"loc":{"start":{"line":46,"column":4},"end":{"line":46,"column":42}},"type":"if","locations":[{"start":{"line":46,"column":4},"end":{"line":46,"column":42}},{"start":{"line":46,"column":4},"end":{"line":46,"column":42}}],"line":46},"4":{"loc":{"start":{"line":51,"column":4},"end":{"line":51,"column":40}},"type":"if","locations":[{"start":{"line":51,"column":4},"end":{"line":51,"column":40}},{"start":{"line":51,"column":4},"end":{"line":51,"column":40}}],"line":51},"5":{"loc":{"start":{"line":97,"column":9},"end":{"line":105,"column":9}},"type":"binary-expr","locations":[{"start":{"line":97,"column":9},"end":{"line":97,"column":18}},{"start":{"line":98,"column":10},"end":{"line":104,"column":12}}],"line":97},"6":{"loc":{"start":{"line":107,"column":9},"end":{"line":107,"column":71}},"type":"binary-expr","locations":[{"start":{"line":107,"column":9},"end":{"line":107,"column":13}},{"start":{"line":107,"column":17},"end":{"line":107,"column":71}}],"line":107},"7":{"loc":{"start":{"line":147,"column":4},"end":{"line":151,"column":5}},"type":"if","locations":[{"start":{"line":147,"column":4},"end":{"line":151,"column":5}},{"start":{"line":147,"column":4},"end":{"line":151,"column":5}}],"line":147},"8":{"loc":{"start":{"line":147,"column":8},"end":{"line":147,"column":61}},"type":"binary-expr","locations":[{"start":{"line":147,"column":8},"end":{"line":147,"column":28}},{"start":{"line":147,"column":32},"end":{"line":147,"column":61}}],"line":147},"9":{"loc":{"start":{"line":148,"column":13},"end":{"line":150,"column":46}},"type":"cond-expr","locations":[{"start":{"line":149,"column":10},"end":{"line":149,"column":45}},{"start":{"line":150,"column":10},"end":{"line":150,"column":46}}],"line":148}},"s":{"0":0,"1":0,"2":0,"3":0,"4":0,"5":0,"6":0,"7":0,"8":0,"9":0,"10":0,"11":0,"12":0,"13":0,"14":0,"15":0,"16":0,"17":0,"18":0,"19":0,"20":0,"21":0,"22":0,"23":0,"24":0,"25":0,"26":1,"27":1,"28":0,"29":0,"30":0,"31":1,"32":1},"f":{"0":0,"1":0,"2":0,"3":0,"4":0,"5":0,"6":0,"7":0,"8":0,"9":0,"10":0,"11":0},"b":{"0":[0,0],"1":[0,0],"2":[0,0],"3":[0,0],"4":[0,0],"5":[0,0],"6":[0,0],"7":[0,0],"8":[0,0],"9":[0,0]},"_coverageSchema":"43e27e138ebf9cfc5966b082cf9a028302ed4184","hash":"923f592ff3abdf1626b8e97b79fd890d6e97ebdb"}
,"/Users/se/www/maintined/rkta-ui/src/molecules/Button/style.js": {"path":"/Users/se/www/maintined/rkta-ui/src/molecules/Button/style.js","statementMap":{},"fnMap":{},"branchMap":{},"s":{},"f":{},"b":{},"_coverageSchema":"43e27e138ebf9cfc5966b082cf9a028302ed4184","hash":"6dd978f63535161c233ffd87e83d00b8a6a4ade6"}
,"/Users/se/www/maintined/rkta-ui/src/molecules/Button/wrapChild.jsx": {"path":"/Users/se/www/maintined/rkta-ui/src/molecules/Button/wrapChild.jsx","statementMap":{"0":{"start":{"line":4,"column":23},"end":{"line":19,"column":1}},"1":{"start":{"line":5,"column":14},"end":{"line":11,"column":7}},"2":{"start":{"line":12,"column":2},"end":{"line":18,"column":4}}},"fnMap":{"0":{"name":"(anonymous_0)","decl":{"start":{"line":4,"column":15},"end":{"line":4,"column":16}},"loc":{"start":{"line":4,"column":23},"end":{"line":19,"column":1}},"line":4},"1":{"name":"(anonymous_1)","decl":{"start":{"line":4,"column":23},"end":{"line":4,"column":24}},"loc":{"start":{"line":4,"column":32},"end":{"line":19,"column":1}},"line":4}},"branchMap":{"0":{"loc":{"start":{"line":5,"column":14},"end":{"line":11,"column":7}},"type":"cond-expr","locations":[{"start":{"line":6,"column":6},"end":{"line":6,"column":30}},{"start":{"line":7,"column":6},"end":{"line":11,"column":7}}],"line":5},"1":{"loc":{"start":{"line":12,"column":9},"end":{"line":18,"column":3}},"type":"cond-expr","locations":[{"start":{"line":13,"column":4},"end":{"line":13,"column":58}},{"start":{"line":15,"column":4},"end":{"line":17,"column":11}}],"line":12}},"s":{"0":0,"1":0,"2":0},"f":{"0":0,"1":0},"b":{"0":[0,0],"1":[0,0]},"_coverageSchema":"43e27e138ebf9cfc5966b082cf9a028302ed4184","hash":"edd48d0334dc0936caf2d83ac994a75a9a2dbb3b"}
,"/Users/se/www/maintined/rkta-ui/src/molecules/Input/index.jsx": {"path":"/Users/se/www/maintined/rkta-ui/src/molecules/Input/index.jsx","statementMap":{"0":{"start":{"line":7,"column":14},"end":{"line":57,"column":1}},"1":{"start":{"line":19,"column":34},"end":{"line":19,"column":49}},"2":{"start":{"line":20,"column":38},"end":{"line":20,"column":69}},"3":{"start":{"line":21,"column":38},"end":{"line":21,"column":49}},"4":{"start":{"line":22,"column":25},"end":{"line":22,"column":44}},"5":{"start":{"line":23,"column":20},"end":{"line":23,"column":47}},"6":{"start":{"line":24,"column":24},"end":{"line":24,"column":57}},"7":{"start":{"line":25,"column":2},"end":{"line":56,"column":4}},"8":{"start":{"line":39,"column":10},"end":{"line":39,"column":44}},"9":{"start":{"line":40,"column":10},"end":{"line":40,"column":26}},"10":{"start":{"line":43,"column":10},"end":{"line":43,"column":29}},"11":{"start":{"line":44,"column":10},"end":{"line":44,"column":24}},"12":{"start":{"line":47,"column":10},"end":{"line":47,"column":28}},"13":{"start":{"line":48,"column":10},"end":{"line":48,"column":25}},"14":{"start":{"line":59,"column":0},"end":{"line":59,"column":28}},"15":{"start":{"line":60,"column":0},"end":{"line":71,"column":2}},"16":{"start":{"line":72,"column":0},"end":{"line":83,"column":2}}},"fnMap":{"0":{"name":"(anonymous_0)","decl":{"start":{"line":7,"column":14},"end":{"line":7,"column":15}},"loc":{"start":{"line":18,"column":6},"end":{"line":57,"column":1}},"line":18},"1":{"name":"(anonymous_1)","decl":{"start":{"line":38,"column":18},"end":{"line":38,"column":19}},"loc":{"start":{"line":38,"column":27},"end":{"line":41,"column":9}},"line":38},"2":{"name":"(anonymous_2)","decl":{"start":{"line":42,"column":16},"end":{"line":42,"column":17}},"loc":{"start":{"line":42,"column":25},"end":{"line":45,"column":9}},"line":42},"3":{"name":"(anonymous_3)","decl":{"start":{"line":46,"column":17},"end":{"line":46,"column":18}},"loc":{"start":{"line":46,"column":26},"end":{"line":49,"column":9}},"line":46},"4":{"name":"(anonymous_4)","decl":{"start":{"line":76,"column":2},"end":{"line":76,"column":3}},"loc":{"start":{"line":76,"column":11},"end":{"line":76,"column":13}},"line":76},"5":{"name":"(anonymous_5)","decl":{"start":{"line":77,"column":2},"end":{"line":77,"column":3}},"loc":{"start":{"line":77,"column":13},"end":{"line":77,"column":15}},"line":77},"6":{"name":"(anonymous_6)","decl":{"start":{"line":78,"column":2},"end":{"line":78,"column":3}},"loc":{"start":{"line":78,"column":12},"end":{"line":78,"column":14}},"line":78}},"branchMap":{"0":{"loc":{"start":{"line":20,"column":47},"end":{"line":20,"column":68}},"type":"binary-expr","locations":[{"start":{"line":20,"column":47},"end":{"line":20,"column":52}},{"start":{"line":20,"column":56},"end":{"line":20,"column":68}}],"line":20},"1":{"loc":{"start":{"line":22,"column":25},"end":{"line":22,"column":44}},"type":"binary-expr","locations":[{"start":{"line":22,"column":25},"end":{"line":22,"column":30}},{"start":{"line":22,"column":34},"end":{"line":22,"column":44}}],"line":22},"2":{"loc":{"start":{"line":23,"column":20},"end":{"line":23,"column":47}},"type":"binary-expr","locations":[{"start":{"line":23,"column":21},"end":{"line":23,"column":28}},{"start":{"line":23,"column":32},"end":{"line":23,"column":38}},{"start":{"line":23,"column":43},"end":{"line":23,"column":47}}],"line":23},"3":{"loc":{"start":{"line":24,"column":24},"end":{"line":24,"column":57}},"type":"binary-expr","locations":[{"start":{"line":24,"column":24},"end":{"line":24,"column":32}},{"start":{"line":24,"column":36},"end":{"line":24,"column":57}}],"line":24}},"s":{"0":1,"1":0,"2":0,"3":0,"4":0,"5":0,"6":0,"7":0,"8":0,"9":0,"10":0,"11":0,"12":0,"13":0,"14":1,"15":1,"16":1},"f":{"0":0,"1":0,"2":0,"3":0,"4":0,"5":0,"6":0},"b":{"0":[0,0],"1":[0,0],"2":[0,0,0],"3":[0,0]},"_coverageSchema":"43e27e138ebf9cfc5966b082cf9a028302ed4184","hash":"6be846c46f93b02332619c88abc001c452f27ed7"}
,"/Users/se/www/maintined/rkta-ui/src/molecules/Input/Base/Label.jsx": {"path":"/Users/se/www/maintined/rkta-ui/src/molecules/Input/Base/Label.jsx","statementMap":{"0":{"start":{"line":7,"column":16},"end":{"line":7,"column":58}},"1":{"start":{"line":10,"column":48},"end":{"line":10,"column":58}},"2":{"start":{"line":11,"column":4},"end":{"line":31,"column":6}},"3":{"start":{"line":35,"column":0},"end":{"line":41,"column":2}},"4":{"start":{"line":42,"column":0},"end":{"line":44,"column":2}}},"fnMap":{"0":{"name":"(anonymous_0)","decl":{"start":{"line":7,"column":8},"end":{"line":7,"column":9}},"loc":{"start":{"line":7,"column":16},"end":{"line":7,"column":58}},"line":7},"1":{"name":"(anonymous_1)","decl":{"start":{"line":9,"column":2},"end":{"line":9,"column":3}},"loc":{"start":{"line":9,"column":11},"end":{"line":32,"column":3}},"line":9}},"branchMap":{"0":{"loc":{"start":{"line":16,"column":22},"end":{"line":16,"column":46}},"type":"cond-expr","locations":[{"start":{"line":16,"column":31},"end":{"line":16,"column":37}},{"start":{"line":16,"column":40},"end":{"line":16,"column":46}}],"line":16},"1":{"loc":{"start":{"line":25,"column":21},"end":{"line":25,"column":66}},"type":"cond-expr","locations":[{"start":{"line":25,"column":42},"end":{"line":25,"column":61}},{"start":{"line":25,"column":64},"end":{"line":25,"column":66}}],"line":25},"2":{"loc":{"start":{"line":25,"column":21},"end":{"line":25,"column":39}},"type":"binary-expr","locations":[{"start":{"line":25,"column":21},"end":{"line":25,"column":27}},{"start":{"line":25,"column":31},"end":{"line":25,"column":39}}],"line":25}},"s":{"0":0,"1":0,"2":0,"3":1,"4":1},"f":{"0":0,"1":0},"b":{"0":[0,0],"1":[0,0],"2":[0,0]},"_coverageSchema":"43e27e138ebf9cfc5966b082cf9a028302ed4184","hash":"cbe314cd20e3b79c3a3311532e7ef7c4d7a3e425"}
,"/Users/se/www/maintined/rkta-ui/src/molecules/Input/Base/index.jsx": {"path":"/Users/se/www/maintined/rkta-ui/src/molecules/Input/Base/index.jsx","statementMap":{"0":{"start":{"line":9,"column":18},"end":{"line":34,"column":1}},"1":{"start":{"line":21,"column":2},"end":{"line":33,"column":17}},"2":{"start":{"line":36,"column":0},"end":{"line":36,"column":36}},"3":{"start":{"line":37,"column":0},"end":{"line":47,"column":2}},"4":{"start":{"line":48,"column":0},"end":{"line":54,"column":2}}},"fnMap":{"0":{"name":"(anonymous_0)","decl":{"start":{"line":9,"column":18},"end":{"line":9,"column":19}},"loc":{"start":{"line":21,"column":2},"end":{"line":33,"column":17}},"line":21}},"branchMap":{"0":{"loc":{"start":{"line":22,"column":59},"end":{"line":22,"column":79}},"type":"binary-expr","locations":[{"start":{"line":22,"column":59},"end":{"line":22,"column":64}},{"start":{"line":22,"column":68},"end":{"line":22,"column":79}}],"line":22},"1":{"loc":{"start":{"line":23,"column":5},"end":{"line":32,"column":5}},"type":"binary-expr","locations":[{"start":{"line":23,"column":5},"end":{"line":23,"column":10}},{"start":{"line":24,"column":6},"end":{"line":31,"column":8}}],"line":23}},"s":{"0":1,"1":0,"2":1,"3":1,"4":1},"f":{"0":0},"b":{"0":[0,0],"1":[0,0]},"_coverageSchema":"43e27e138ebf9cfc5966b082cf9a028302ed4184","hash":"0a2b9fffde73f18ea61400a252a512ac4564eed8"}
,"/Users/se/www/maintined/rkta-ui/src/molecules/Input/Base/style.js": {"path":"/Users/se/www/maintined/rkta-ui/src/molecules/Input/Base/style.js","statementMap":{},"fnMap":{},"branchMap":{},"s":{},"f":{},"b":{},"_coverageSchema":"43e27e138ebf9cfc5966b082cf9a028302ed4184","hash":"94897684df9c951666419da568133b675ed893bd"}
,"/Users/se/www/maintined/rkta-ui/src/molecules/Input/Container/index.jsx": {"path":"/Users/se/www/maintined/rkta-ui/src/molecules/Input/Container/index.jsx","statementMap":{"0":{"start":{"line":7,"column":23},"end":{"line":23,"column":1}},"1":{"start":{"line":8,"column":22},"end":{"line":8,"column":53}},"2":{"start":{"line":9,"column":2},"end":{"line":17,"column":3}},"3":{"start":{"line":10,"column":4},"end":{"line":16,"column":6}},"4":{"start":{"line":18,"column":2},"end":{"line":22,"column":4}},"5":{"start":{"line":25,"column":0},"end":{"line":31,"column":2}}},"fnMap":{"0":{"name":"(anonymous_0)","decl":{"start":{"line":7,"column":23},"end":{"line":7,"column":24}},"loc":{"start":{"line":7,"column":98},"end":{"line":23,"column":1}},"line":7}},"branchMap":{"0":{"loc":{"start":{"line":8,"column":22},"end":{"line":8,"column":53}},"type":"cond-expr","locations":[{"start":{"line":8,"column":34},"end":{"line":8,"column":43}},{"start":{"line":8,"column":46},"end":{"line":8,"column":53}}],"line":8},"1":{"loc":{"start":{"line":9,"column":2},"end":{"line":17,"column":3}},"type":"if","locations":[{"start":{"line":9,"column":2},"end":{"line":17,"column":3}},{"start":{"line":9,"column":2},"end":{"line":17,"column":3}}],"line":9}},"s":{"0":1,"1":0,"2":0,"3":0,"4":0,"5":1},"f":{"0":0},"b":{"0":[0,0],"1":[0,0]},"_coverageSchema":"43e27e138ebf9cfc5966b082cf9a028302ed4184","hash":"34a94fec7d82640911c39ae5d1527702ee4e96a0"}
,"/Users/se/www/maintined/rkta-ui/src/molecules/Input/Outline/index.jsx": {"path":"/Users/se/www/maintined/rkta-ui/src/molecules/Input/Outline/index.jsx","statementMap":{"0":{"start":{"line":8,"column":21},"end":{"line":26,"column":1}},"1":{"start":{"line":9,"column":2},"end":{"line":25,"column":10}},"2":{"start":{"line":28,"column":0},"end":{"line":28,"column":42}},"3":{"start":{"line":29,"column":0},"end":{"line":34,"column":2}}},"fnMap":{"0":{"name":"(anonymous_0)","decl":{"start":{"line":8,"column":21},"end":{"line":8,"column":22}},"loc":{"start":{"line":9,"column":2},"end":{"line":25,"column":10}},"line":9}},"branchMap":{"0":{"loc":{"start":{"line":21,"column":18},"end":{"line":21,"column":52}},"type":"cond-expr","locations":[{"start":{"line":21,"column":34},"end":{"line":21,"column":48}},{"start":{"line":21,"column":51},"end":{"line":21,"column":52}}],"line":21}},"s":{"0":1,"1":0,"2":1,"3":1},"f":{"0":0},"b":{"0":[0,0]},"_coverageSchema":"43e27e138ebf9cfc5966b082cf9a028302ed4184","hash":"5ce406179ea6005ad582a100de84e2b245b182c0"}
,"/Users/se/www/maintined/rkta-ui/src/molecules/Input/Outline/style.js": {"path":"/Users/se/www/maintined/rkta-ui/src/molecules/Input/Outline/style.js","statementMap":{},"fnMap":{},"branchMap":{},"s":{},"f":{},"b":{},"_coverageSchema":"43e27e138ebf9cfc5966b082cf9a028302ed4184","hash":"e7a250fedcaae94a823a2c69a4fa21126d4ae167"}
,"/Users/se/www/maintined/rkta-ui/src/molecules/List/List.jsx": {"path":"/Users/se/www/maintined/rkta-ui/src/molecules/List/List.jsx","statementMap":{"0":{"start":{"line":6,"column":13},"end":{"line":6,"column":54}},"1":{"start":{"line":6,"column":22},"end":{"line":6,"column":54}},"2":{"start":{"line":8,"column":0},"end":{"line":8,"column":26}}},"fnMap":{"0":{"name":"(anonymous_0)","decl":{"start":{"line":6,"column":13},"end":{"line":6,"column":14}},"loc":{"start":{"line":6,"column":22},"end":{"line":6,"column":54}},"line":6}},"branchMap":{},"s":{"0":1,"1":0,"2":1},"f":{"0":0},"b":{},"_coverageSchema":"43e27e138ebf9cfc5966b082cf9a028302ed4184","hash":"8e2e6c31fd70e862da339645a8e447a417f59bf4"}
,"/Users/se/www/maintined/rkta-ui/src/molecules/List/index.js": {"path":"/Users/se/www/maintined/rkta-ui/src/molecules/List/index.js","statementMap":{},"fnMap":{},"branchMap":{},"s":{},"f":{},"b":{},"_coverageSchema":"43e27e138ebf9cfc5966b082cf9a028302ed4184","hash":"7bdd65d422bb60af3471bb0c03188ac416971cf1"}
,"/Users/se/www/maintined/rkta-ui/src/molecules/List/style.js": {"path":"/Users/se/www/maintined/rkta-ui/src/molecules/List/style.js","statementMap":{},"fnMap":{},"branchMap":{},"s":{},"f":{},"b":{},"_coverageSchema":"43e27e138ebf9cfc5966b082cf9a028302ed4184","hash":"786e81e1a9afd623faf12aa7f02200da184b529e"}
,"/Users/se/www/maintined/rkta-ui/src/molecules/List/Button/index.jsx": {"path":"/Users/se/www/maintined/rkta-ui/src/molecules/List/Button/index.jsx","statementMap":{"0":{"start":{"line":6,"column":19},"end":{"line":8,"column":1}},"1":{"start":{"line":7,"column":2},"end":{"line":7,"column":77}},"2":{"start":{"line":10,"column":0},"end":{"line":10,"column":38}}},"fnMap":{"0":{"name":"(anonymous_0)","decl":{"start":{"line":6,"column":19},"end":{"line":6,"column":20}},"loc":{"start":{"line":7,"column":2},"end":{"line":7,"column":77}},"line":7}},"branchMap":{},"s":{"0":1,"1":0,"2":1},"f":{"0":0},"b":{},"_coverageSchema":"43e27e138ebf9cfc5966b082cf9a028302ed4184","hash":"19d13d43eed81c5533d5ce820ce04e15bc4ce82c"}
,"/Users/se/www/maintined/rkta-ui/src/molecules/List/Item/Item.jsx": {"path":"/Users/se/www/maintined/rkta-ui/src/molecules/List/Item/Item.jsx","statementMap":{"0":{"start":{"line":9,"column":17},"end":{"line":29,"column":1}},"1":{"start":{"line":20,"column":2},"end":{"line":28,"column":16}},"2":{"start":{"line":31,"column":0},"end":{"line":31,"column":34}},"3":{"start":{"line":32,"column":0},"end":{"line":44,"column":2}},"4":{"start":{"line":45,"column":0},"end":{"line":52,"column":2}}},"fnMap":{"0":{"name":"(anonymous_0)","decl":{"start":{"line":9,"column":17},"end":{"line":9,"column":18}},"loc":{"start":{"line":20,"column":2},"end":{"line":28,"column":16}},"line":20}},"branchMap":{"0":{"loc":{"start":{"line":21,"column":5},"end":{"line":27,"column":5}},"type":"cond-expr","locations":[{"start":{"line":22,"column":6},"end":{"line":24,"column":13}},{"start":{"line":26,"column":6},"end":{"line":26,"column":14}}],"line":21}},"s":{"0":1,"1":0,"2":1,"3":1,"4":1},"f":{"0":0},"b":{"0":[0,0]},"_coverageSchema":"43e27e138ebf9cfc5966b082cf9a028302ed4184","hash":"d10b22bb4b367d9d8004b3c8b6152a6da5e69d4d"}
,"/Users/se/www/maintined/rkta-ui/src/molecules/List/Item/index.js": {"path":"/Users/se/www/maintined/rkta-ui/src/molecules/List/Item/index.js","statementMap":{},"fnMap":{},"branchMap":{},"s":{},"f":{},"b":{},"_coverageSchema":"43e27e138ebf9cfc5966b082cf9a028302ed4184","hash":"5287eedf3acba403804dea3759df45236ccf4c03"}
,"/Users/se/www/maintined/rkta-ui/src/molecules/List/Item/style.js": {"path":"/Users/se/www/maintined/rkta-ui/src/molecules/List/Item/style.js","statementMap":{},"fnMap":{},"branchMap":{},"s":{},"f":{},"b":{},"_coverageSchema":"43e27e138ebf9cfc5966b082cf9a028302ed4184","hash":"21cd4cd6137a5f8b3645c23dd2702468f9093fea"}
,"/Users/se/www/maintined/rkta-ui/src/molecules/List/Item/Body/index.jsx": {"path":"/Users/se/www/maintined/rkta-ui/src/molecules/List/Item/Body/index.jsx","statementMap":{"0":{"start":{"line":8,"column":21},"end":{"line":17,"column":1}},"1":{"start":{"line":9,"column":2},"end":{"line":16,"column":9}},"2":{"start":{"line":19,"column":0},"end":{"line":19,"column":42}},"3":{"start":{"line":20,"column":0},"end":{"line":24,"column":2}},"4":{"start":{"line":25,"column":0},"end":{"line":29,"column":2}}},"fnMap":{"0":{"name":"(anonymous_0)","decl":{"start":{"line":8,"column":21},"end":{"line":8,"column":22}},"loc":{"start":{"line":9,"column":2},"end":{"line":16,"column":9}},"line":9}},"branchMap":{"0":{"loc":{"start":{"line":10,"column":5},"end":{"line":15,"column":5}},"type":"binary-expr","locations":[{"start":{"line":10,"column":5},"end":{"line":10,"column":13}},{"start":{"line":11,"column":6},"end":{"line":14,"column":17}}],"line":10},"1":{"loc":{"start":{"line":13,"column":9},"end":{"line":13,"column":50}},"type":"binary-expr","locations":[{"start":{"line":13,"column":9},"end":{"line":13,"column":16}},{"start":{"line":13,"column":20},"end":{"line":13,"column":50}}],"line":13}},"s":{"0":1,"1":0,"2":1,"3":1,"4":1},"f":{"0":0},"b":{"0":[0,0],"1":[0,0]},"_coverageSchema":"43e27e138ebf9cfc5966b082cf9a028302ed4184","hash":"040d286a1de9d0d59ab3e48d63fca4550cdcd4df"}
,"/Users/se/www/maintined/rkta-ui/src/molecules/List/Item/Body/style.js": {"path":"/Users/se/www/maintined/rkta-ui/src/molecules/List/Item/Body/style.js","statementMap":{},"fnMap":{},"branchMap":{},"s":{},"f":{},"b":{},"_coverageSchema":"43e27e138ebf9cfc5966b082cf9a028302ed4184","hash":"26add3d0c8b12a359e1a190359e952fa37beceb4"}
,"/Users/se/www/maintined/rkta-ui/src/molecules/Spinner/index.jsx": {"path":"/Users/se/www/maintined/rkta-ui/src/molecules/Spinner/index.jsx","statementMap":{"0":{"start":{"line":8,"column":16},"end":{"line":13,"column":1}},"1":{"start":{"line":9,"column":2},"end":{"line":12,"column":9}},"2":{"start":{"line":15,"column":0},"end":{"line":15,"column":32}},"3":{"start":{"line":16,"column":0},"end":{"line":23,"column":2}},"4":{"start":{"line":25,"column":0},"end":{"line":30,"column":2}}},"fnMap":{"0":{"name":"(anonymous_0)","decl":{"start":{"line":8,"column":16},"end":{"line":8,"column":17}},"loc":{"start":{"line":9,"column":2},"end":{"line":12,"column":9}},"line":9}},"branchMap":{},"s":{"0":1,"1":0,"2":1,"3":1,"4":1},"f":{"0":0},"b":{},"_coverageSchema":"43e27e138ebf9cfc5966b082cf9a028302ed4184","hash":"6cd7daaf568787dc2375e7320cb29adccc9c076b"}
,"/Users/se/www/maintined/rkta-ui/src/molecules/Spinner/style.js": {"path":"/Users/se/www/maintined/rkta-ui/src/molecules/Spinner/style.js","statementMap":{"0":{"start":{"line":3,"column":22},"end":{"line":15,"column":1}},"1":{"start":{"line":17,"column":31},"end":{"line":32,"column":2}},"2":{"start":{"line":17,"column":62},"end":{"line":32,"column":1}}},"fnMap":{"0":{"name":"(anonymous_0)","decl":{"start":{"line":17,"column":31},"end":{"line":17,"column":32}},"loc":{"start":{"line":17,"column":62},"end":{"line":32,"column":1}},"line":17}},"branchMap":{},"s":{"0":1,"1":1,"2":0},"f":{"0":0},"b":{},"_coverageSchema":"43e27e138ebf9cfc5966b082cf9a028302ed4184","hash":"1b5e76249c01869064cd04eb9c791cabfdced718"}
,"/Users/se/www/maintined/rkta-ui/src/molecules/Tabs/Indicator.jsx": {"path":"/Users/se/www/maintined/rkta-ui/src/molecules/Tabs/Indicator.jsx","statementMap":{"0":{"start":{"line":7,"column":22},"end":{"line":24,"column":1}},"1":{"start":{"line":8,"column":18},"end":{"line":8,"column":57}},"2":{"start":{"line":10,"column":2},"end":{"line":10,"column":28}},"3":{"start":{"line":10,"column":16},"end":{"line":10,"column":28}},"4":{"start":{"line":11,"column":38},"end":{"line":11,"column":45}},"5":{"start":{"line":12,"column":14},"end":{"line":22,"column":3}},"6":{"start":{"line":23,"column":2},"end":{"line":23,"column":29}},"7":{"start":{"line":26,"column":0},"end":{"line":31,"column":2}},"8":{"start":{"line":32,"column":0},"end":{"line":35,"column":2}}},"fnMap":{"0":{"name":"(anonymous_0)","decl":{"start":{"line":7,"column":22},"end":{"line":7,"column":23}},"loc":{"start":{"line":7,"column":65},"end":{"line":24,"column":1}},"line":7}},"branchMap":{"0":{"loc":{"start":{"line":10,"column":2},"end":{"line":10,"column":28}},"type":"if","locations":[{"start":{"line":10,"column":2},"end":{"line":10,"column":28}},{"start":{"line":10,"column":2},"end":{"line":10,"column":28}}],"line":10}},"s":{"0":1,"1":0,"2":0,"3":0,"4":0,"5":0,"6":0,"7":1,"8":1},"f":{"0":0},"b":{"0":[0,0]},"_coverageSchema":"43e27e138ebf9cfc5966b082cf9a028302ed4184","hash":"e0365183d4d8bf7d388e57bb0f92cf8e37d62205"}
,"/Users/se/www/maintined/rkta-ui/src/molecules/Tabs/Tabs.style.js": {"path":"/Users/se/www/maintined/rkta-ui/src/molecules/Tabs/Tabs.style.js","statementMap":{},"fnMap":{},"branchMap":{},"s":{},"f":{},"b":{},"_coverageSchema":"43e27e138ebf9cfc5966b082cf9a028302ed4184","hash":"e99ff52bd100f3b92b0bd0c9054d1fd581334bd5"}
,"/Users/se/www/maintined/rkta-ui/src/molecules/Tabs/index.jsx": {"path":"/Users/se/www/maintined/rkta-ui/src/molecules/Tabs/index.jsx","statementMap":{"0":{"start":{"line":17,"column":4},"end":{"line":17,"column":62}},"1":{"start":{"line":21,"column":45},"end":{"line":21,"column":55}},"2":{"start":{"line":22,"column":26},"end":{"line":22,"column":30}},"3":{"start":{"line":23,"column":26},"end":{"line":23,"column":52}},"4":{"start":{"line":24,"column":4},"end":{"line":43,"column":7}},"5":{"start":{"line":25,"column":23},"end":{"line":25,"column":42}},"6":{"start":{"line":26,"column":24},"end":{"line":36,"column":7}},"7":{"start":{"line":31,"column":10},"end":{"line":31,"column":46}},"8":{"start":{"line":32,"column":10},"end":{"line":32,"column":37}},"9":{"start":{"line":33,"column":30},"end":{"line":33,"column":41}},"10":{"start":{"line":34,"column":10},"end":{"line":34,"column":60}},"11":{"start":{"line":34,"column":45},"end":{"line":34,"column":60}},"12":{"start":{"line":37,"column":6},"end":{"line":41,"column":7}},"13":{"start":{"line":38,"column":8},"end":{"line":40,"column":11}},"14":{"start":{"line":42,"column":6},"end":{"line":42,"column":44}},"15":{"start":{"line":46,"column":19},"end":{"line":46,"column":45}},"16":{"start":{"line":61,"column":8},"end":{"line":61,"column":18}},"17":{"start":{"line":62,"column":24},"end":{"line":62,"column":34}},"18":{"start":{"line":63,"column":4},"end":{"line":75,"column":6}},"19":{"start":{"line":79,"column":0},"end":{"line":100,"column":2}},"20":{"start":{"line":102,"column":0},"end":{"line":110,"column":2}},"21":{"start":{"line":112,"column":0},"end":{"line":112,"column":26}},"22":{"start":{"line":114,"column":26},"end":{"line":114,"column":30}}},"fnMap":{"0":{"name":"(anonymous_0)","decl":{"start":{"line":16,"column":2},"end":{"line":16,"column":3}},"loc":{"start":{"line":16,"column":18},"end":{"line":18,"column":3}},"line":16},"1":{"name":"(anonymous_1)","decl":{"start":{"line":20,"column":2},"end":{"line":20,"column":3}},"loc":{"start":{"line":20,"column":17},"end":{"line":44,"column":3}},"line":20},"2":{"name":"(anonymous_2)","decl":{"start":{"line":24,"column":29},"end":{"line":24,"column":30}},"loc":{"start":{"line":24,"column":47},"end":{"line":43,"column":5}},"line":24},"3":{"name":"(anonymous_3)","decl":{"start":{"line":30,"column":17},"end":{"line":30,"column":18}},"loc":{"start":{"line":30,"column":26},"end":{"line":35,"column":9}},"line":30},"4":{"name":"(anonymous_4)","decl":{"start":{"line":46,"column":8},"end":{"line":46,"column":9}},"loc":{"start":{"line":46,"column":19},"end":{"line":46,"column":45}},"line":46},"5":{"name":"(anonymous_5)","decl":{"start":{"line":48,"column":2},"end":{"line":48,"column":3}},"loc":{"start":{"line":48,"column":11},"end":{"line":76,"column":3}},"line":48},"6":{"name":"(anonymous_6)","decl":{"start":{"line":107,"column":2},"end":{"line":107,"column":3}},"loc":{"start":{"line":107,"column":13},"end":{"line":107,"column":15}},"line":107}},"branchMap":{"0":{"loc":{"start":{"line":27,"column":18},"end":{"line":27,"column":61}},"type":"cond-expr","locations":[{"start":{"line":27,"column":45},"end":{"line":27,"column":49}},{"start":{"line":27,"column":52},"end":{"line":27,"column":61}}],"line":27},"1":{"loc":{"start":{"line":27,"column":18},"end":{"line":27,"column":42}},"type":"binary-expr","locations":[{"start":{"line":27,"column":18},"end":{"line":27,"column":29}},{"start":{"line":27,"column":33},"end":{"line":27,"column":42}}],"line":27},"2":{"loc":{"start":{"line":28,"column":19},"end":{"line":28,"column":85}},"type":"cond-expr","locations":[{"start":{"line":28,"column":69},"end":{"line":28,"column":73}},{"start":{"line":28,"column":76},"end":{"line":28,"column":85}}],"line":28},"3":{"loc":{"start":{"line":28,"column":19},"end":{"line":28,"column":66}},"type":"binary-expr","locations":[{"start":{"line":28,"column":19},"end":{"line":28,"column":30}},{"start":{"line":28,"column":34},"end":{"line":28,"column":66}}],"line":28},"4":{"loc":{"start":{"line":29,"column":20},"end":{"line":29,"column":50}},"type":"cond-expr","locations":[{"start":{"line":29,"column":34},"end":{"line":29,"column":43}},{"start":{"line":29,"column":46},"end":{"line":29,"column":50}}],"line":29},"5":{"loc":{"start":{"line":34,"column":10},"end":{"line":34,"column":60}},"type":"if","locations":[{"start":{"line":34,"column":10},"end":{"line":34,"column":60}},{"start":{"line":34,"column":10},"end":{"line":34,"column":60}}],"line":34},"6":{"loc":{"start":{"line":37,"column":6},"end":{"line":41,"column":7}},"type":"if","locations":[{"start":{"line":37,"column":6},"end":{"line":41,"column":7}},{"start":{"line":37,"column":6},"end":{"line":41,"column":7}}],"line":37},"7":{"loc":{"start":{"line":39,"column":17},"end":{"line":39,"column":43}},"type":"binary-expr","locations":[{"start":{"line":39,"column":17},"end":{"line":39,"column":34}},{"start":{"line":39,"column":38},"end":{"line":39,"column":43}}],"line":39},"8":{"loc":{"start":{"line":66,"column":9},"end":{"line":73,"column":9}},"type":"binary-expr","locations":[{"start":{"line":66,"column":9},"end":{"line":66,"column":21}},{"start":{"line":67,"column":10},"end":{"line":72,"column":12}}],"line":66}},"s":{"0":0,"1":0,"2":0,"3":0,"4":0,"5":0,"6":0,"7":0,"8":0,"9":0,"10":0,"11":0,"12":0,"13":0,"14":0,"15":0,"16":0,"17":0,"18":0,"19":1,"20":1,"21":1,"22":1},"f":{"0":0,"1":0,"2":0,"3":0,"4":0,"5":0,"6":0},"b":{"0":[0,0],"1":[0,0],"2":[0,0],"3":[0,0],"4":[0,0],"5":[0,0],"6":[0,0],"7":[0,0],"8":[0,0]},"_coverageSchema":"43e27e138ebf9cfc5966b082cf9a028302ed4184","hash":"a204d23889f7923ca66eda91062f1caeef0120ca"}
,"/Users/se/www/maintined/rkta-ui/src/util/css.js": {"path":"/Users/se/www/maintined/rkta-ui/src/util/css.js","statementMap":{"0":{"start":{"line":2,"column":24},"end":{"line":2,"column":29}}},"fnMap":{"0":{"name":"(anonymous_0)","decl":{"start":{"line":2,"column":15},"end":{"line":2,"column":16}},"loc":{"start":{"line":2,"column":24},"end":{"line":2,"column":29}},"line":2}},"branchMap":{},"s":{"0":16},"f":{"0":16},"b":{},"_coverageSchema":"43e27e138ebf9cfc5966b082cf9a028302ed4184","hash":"dd8ab8e65037e9cad516fce23dd9a953010e036d"}
,"/Users/se/www/maintined/rkta-ui/src/util/invariant.js": {"path":"/Users/se/www/maintined/rkta-ui/src/util/invariant.js","statementMap":{"0":{"start":{"line":2,"column":2},"end":{"line":2,"column":43}},"1":{"start":{"line":2,"column":18},"end":{"line":2,"column":43}}},"fnMap":{"0":{"name":"(anonymous_0)","decl":{"start":{"line":1,"column":15},"end":{"line":1,"column":16}},"loc":{"start":{"line":1,"column":39},"end":{"line":3,"column":1}},"line":1}},"branchMap":{"0":{"loc":{"start":{"line":2,"column":2},"end":{"line":2,"column":43}},"type":"if","locations":[{"start":{"line":2,"column":2},"end":{"line":2,"column":43}},{"start":{"line":2,"column":2},"end":{"line":2,"column":43}}],"line":2}},"s":{"0":0,"1":0},"f":{"0":0},"b":{"0":[0,0]},"_coverageSchema":"43e27e138ebf9cfc5966b082cf9a028302ed4184","hash":"5a2fdee7ad924c659e897438eef2d8637c286ca6"}
}
