TN:
SF:/Users/se/www/maintined/rkta-ui/src/Theme/Context.js
FN:8,(anonymous_0)
FN:9,(anonymous_1)
FNF:2
FNH:0
FNDA:0,(anonymous_0)
FNDA:0,(anonymous_1)
LF:0
LH:0
BRF:0
BRH:0
end_of_record
TN:
SF:/Users/se/www/maintined/rkta-ui/src/Theme/color.js
FNF:0
FNH:0
DA:1,1
DA:2,1
DA:3,1
DA:5,1
DA:6,1
DA:8,1
DA:9,1
DA:11,1
DA:12,1
DA:13,1
DA:14,1
DA:16,1
DA:17,1
DA:19,1
LF:14
LH:14
BRF:0
BRH:0
end_of_record
TN:
SF:/Users/se/www/maintined/rkta-ui/src/Theme/defaultRenderrer.jsx
FN:3,(anonymous_0)
FNF:1
FNH:0
FNDA:0,(anonymous_0)
DA:3,1
DA:4,0
DA:5,0
LF:3
LH:1
BRDA:4,0,0,0
BRDA:4,0,1,0
BRF:2
BRH:0
end_of_record
TN:
SF:/Users/se/www/maintined/rkta-ui/src/Theme/defaultTheme.jsx
FNF:0
FNH:0
LF:0
LH:0
BRF:0
BRH:0
end_of_record
TN:
SF:/Users/se/www/maintined/rkta-ui/src/Theme/withStyle.jsx
FN:7,(anonymous_0)
FN:10,(anonymous_1)
FN:25,(anonymous_2)
FN:30,(anonymous_3)
FN:32,(anonymous_4)
FN:34,(anonymous_5)
FNF:6
FNH:1
FNDA:0,(anonymous_0)
FNDA:0,(anonymous_1)
FNDA:0,(anonymous_2)
FNDA:15,(anonymous_3)
FNDA:0,(anonymous_4)
FNDA:0,(anonymous_5)
DA:7,1
DA:8,0
DA:9,0
DA:11,0
DA:12,0
DA:13,0
DA:14,0
DA:21,0
DA:22,0
DA:25,1
DA:26,0
DA:27,0
DA:30,1
DA:31,15
DA:32,15
DA:33,0
DA:35,0
DA:36,0
DA:37,0
DA:41,15
DA:42,15
DA:43,15
DA:44,15
LF:23
LH:9
BRDA:12,0,0,0
BRDA:12,0,1,0
BRDA:12,1,0,0
BRDA:12,1,1,0
BRDA:13,2,0,0
BRDA:13,2,1,0
BRDA:26,3,0,0
BRDA:26,3,1,0
BRDA:36,4,0,0
BRDA:36,4,1,0
BRDA:37,5,0,0
BRDA:37,5,1,0
BRF:12
BRH:0
end_of_record
TN:
SF:/Users/se/www/maintined/rkta-ui/src/atoms/index.js
FNF:0
FNH:0
LF:0
LH:0
BRF:0
BRH:0
end_of_record
TN:
SF:/Users/se/www/maintined/rkta-ui/src/atoms/Addon/index.jsx
FN:7,(anonymous_0)
FNF:1
FNH:0
FNDA:0,(anonymous_0)
DA:7,1
DA:8,0
DA:13,1
DA:14,1
DA:24,1
DA:30,1
LF:6
LH:5
BRF:0
BRH:0
end_of_record
TN:
SF:/Users/se/www/maintined/rkta-ui/src/atoms/Addon/style.js
FNF:0
FNH:0
LF:0
LH:0
BRF:0
BRH:0
end_of_record
TN:
SF:/Users/se/www/maintined/rkta-ui/src/atoms/Atom/index.jsx
FN:5,(anonymous_0)
FN:30,(anonymous_1)
FNF:2
FNH:0
FNDA:0,(anonymous_0)
FNDA:0,(anonymous_1)
DA:5,1
DA:14,0
DA:16,1
DA:22,1
DA:28,1
DA:30,1
DA:31,1
LF:7
LH:6
BRF:0
BRH:0
end_of_record
TN:
SF:/Users/se/www/maintined/rkta-ui/src/atoms/Bage/index.jsx
FN:7,(anonymous_0)
FNF:1
FNH:0
FNDA:0,(anonymous_0)
DA:7,1
DA:9,1
DA:10,1
DA:18,1
DA:24,1
LF:5
LH:5
BRF:0
BRH:0
end_of_record
TN:
SF:/Users/se/www/maintined/rkta-ui/src/atoms/Bage/style.js
FNF:0
FNH:0
LF:0
LH:0
BRF:0
BRH:0
end_of_record
TN:
SF:/Users/se/www/maintined/rkta-ui/src/atoms/Divider/index.jsx
FN:7,(anonymous_0)
FNF:1
FNH:0
FNDA:0,(anonymous_0)
DA:7,1
DA:8,1
DA:10,1
DA:20,1
DA:27,1
LF:5
LH:5
BRF:0
BRH:0
end_of_record
TN:
SF:/Users/se/www/maintined/rkta-ui/src/atoms/Divider/style.js
FNF:0
FNH:0
LF:0
LH:0
BRF:0
BRH:0
end_of_record
TN:
SF:/Users/se/www/maintined/rkta-ui/src/atoms/Font/index.jsx
FN:7,(anonymous_0)
FN:12,(anonymous_1)
FNF:2
FNH:0
FNDA:0,(anonymous_0)
FNDA:0,(anonymous_1)
DA:7,1
DA:8,0
DA:9,0
DA:12,1
DA:13,0
DA:18,1
DA:19,1
DA:24,1
LF:8
LH:5
BRF:0
BRH:0
end_of_record
TN:
SF:/Users/se/www/maintined/rkta-ui/src/atoms/Font/style.js
FNF:0
FNH:0
LF:0
LH:0
BRF:0
BRH:0
end_of_record
TN:
SF:/Users/se/www/maintined/rkta-ui/src/atoms/Header/index.jsx
FN:7,(anonymous_0)
FN:15,(anonymous_1)
FNF:2
FNH:0
FNDA:0,(anonymous_0)
FNDA:0,(anonymous_1)
DA:7,1
DA:8,0
DA:9,0
DA:10,0
DA:12,0
DA:15,1
DA:16,0
DA:19,1
DA:20,1
DA:25,1
LF:10
LH:5
BRDA:8,0,0,0
BRDA:8,0,1,0
BRDA:8,1,0,0
BRDA:8,1,1,0
BRF:4
BRH:0
end_of_record
TN:
SF:/Users/se/www/maintined/rkta-ui/src/atoms/Header/style.js
FNF:0
FNH:0
LF:0
LH:0
BRF:0
BRH:0
end_of_record
TN:
SF:/Users/se/www/maintined/rkta-ui/src/atoms/Paper/index.jsx
FN:7,(anonymous_0)
FN:26,(anonymous_1)
FNF:2
FNH:0
FNDA:0,(anonymous_0)
FNDA:0,(anonymous_1)
DA:7,1
DA:8,0
DA:9,0
DA:10,0
DA:11,0
DA:19,0
DA:20,0
DA:21,0
DA:23,0
DA:26,1
DA:28,1
DA:29,1
DA:33,1
LF:13
LH:5
BRDA:9,0,0,0
BRDA:9,0,1,0
BRDA:19,1,0,0
BRDA:19,1,1,0
BRF:4
BRH:0
end_of_record
TN:
SF:/Users/se/www/maintined/rkta-ui/src/atoms/Paper/style.js
FNF:0
FNH:0
DA:4,1
LF:1
LH:1
BRF:0
BRH:0
end_of_record
TN:
SF:/Users/se/www/maintined/rkta-ui/src/atoms/Svg/index.jsx
FN:7,(anonymous_0)
FNF:1
FNH:0
FNDA:0,(anonymous_0)
DA:7,1
DA:8,0
DA:23,1
DA:30,1
DA:34,1
LF:5
LH:4
BRDA:12,0,0,0
BRDA:12,0,1,0
BRF:2
BRH:0
end_of_record
TN:
SF:/Users/se/www/maintined/rkta-ui/src/atoms/Svg/style.js
FNF:0
FNH:0
LF:0
LH:0
BRF:0
BRH:0
end_of_record
TN:
SF:/Users/se/www/maintined/rkta-ui/src/fx/index.js
FNF:0
FNH:0
LF:0
LH:0
BRF:0
BRH:0
end_of_record
TN:
SF:/Users/se/www/maintined/rkta-ui/src/fx/Ripple/Wave.jsx
FN:21,(anonymous_0)
FN:26,(anonymous_1)
FNF:2
FNH:0
FNDA:0,(anonymous_0)
FNDA:0,(anonymous_1)
DA:6,1
DA:21,1
DA:22,0
DA:23,0
DA:26,1
DA:27,0
DA:37,1
DA:43,1
LF:8
LH:5
BRDA:22,0,0,0
BRDA:22,0,1,0
BRF:2
BRH:0
end_of_record
TN:
SF:/Users/se/www/maintined/rkta-ui/src/fx/Ripple/index.jsx
FN:9,(anonymous_0)
FN:26,(anonymous_1)
FN:31,(anonymous_2)
FN:37,(anonymous_3)
FN:38,(anonymous_4)
FN:48,(anonymous_5)
FN:48,(anonymous_6)
FN:49,(anonymous_7)
FN:50,(anonymous_8)
FN:53,(anonymous_9)
FN:70,(anonymous_10)
FN:71,(anonymous_11)
FN:72,(anonymous_12)
FN:79,(anonymous_13)
FN:81,(anonymous_14)
FN:87,(anonymous_15)
FN:104,(anonymous_16)
FN:105,(anonymous_17)
FN:110,(anonymous_18)
FNF:19
FNH:0
FNDA:0,(anonymous_0)
FNDA:0,(anonymous_1)
FNDA:0,(anonymous_2)
FNDA:0,(anonymous_3)
FNDA:0,(anonymous_4)
FNDA:0,(anonymous_5)
FNDA:0,(anonymous_6)
FNDA:0,(anonymous_7)
FNDA:0,(anonymous_8)
FNDA:0,(anonymous_9)
FNDA:0,(anonymous_10)
FNDA:0,(anonymous_11)
FNDA:0,(anonymous_12)
FNDA:0,(anonymous_13)
FNDA:0,(anonymous_14)
FNDA:0,(anonymous_15)
FNDA:0,(anonymous_16)
FNDA:0,(anonymous_17)
FNDA:0,(anonymous_18)
DA:9,1
DA:10,0
DA:11,0
DA:12,0
DA:27,0
DA:28,0
DA:32,0
DA:33,0
DA:34,0
DA:38,0
DA:39,0
DA:48,0
DA:49,0
DA:50,0
DA:54,0
DA:55,0
DA:56,0
DA:57,0
DA:71,0
DA:72,0
DA:79,0
DA:82,0
DA:83,0
DA:84,0
DA:85,0
DA:87,0
DA:88,0
DA:89,0
DA:105,0
DA:111,0
DA:141,1
DA:142,1
DA:147,1
LF:33
LH:4
BRDA:33,0,0,0
BRDA:33,0,1,0
BRDA:33,1,0,0
BRDA:33,1,1,0
BRDA:88,2,0,0
BRDA:88,2,1,0
BRF:6
BRH:0
end_of_record
TN:
SF:/Users/se/www/maintined/rkta-ui/src/fx/Ripple/style.js
FNF:0
FNH:0
LF:0
LH:0
BRF:0
BRH:0
end_of_record
TN:
SF:/Users/se/www/maintined/rkta-ui/src/molecules/index.js
FNF:0
FNH:0
LF:0
LH:0
BRF:0
BRH:0
end_of_record
TN:
SF:/Users/se/www/maintined/rkta-ui/src/molecules/Button/index.jsx
FN:12,(anonymous_0)
FN:12,(anonymous_1)
FN:38,(anonymous_2)
FN:43,(anonymous_3)
FN:56,(anonymous_4)
FN:58,(anonymous_5)
FN:60,(anonymous_6)
FN:62,(anonymous_7)
FN:64,(anonymous_8)
FN:69,(anonymous_9)
FN:74,(anonymous_10)
FN:120,(anonymous_11)
FN:121,(anonymous_12)
FNF:13
FNH:0
FNDA:0,(anonymous_0)
FNDA:0,(anonymous_1)
FNDA:0,(anonymous_2)
FNDA:0,(anonymous_3)
FNDA:0,(anonymous_4)
FNDA:0,(anonymous_5)
FNDA:0,(anonymous_6)
FNDA:0,(anonymous_7)
FNDA:0,(anonymous_8)
FNDA:0,(anonymous_9)
FNDA:0,(anonymous_10)
FNDA:0,(anonymous_11)
FNDA:0,(anonymous_12)
DA:12,1
DA:13,0
DA:20,0
DA:39,0
DA:40,0
DA:44,0
DA:45,0
DA:49,0
DA:50,0
DA:51,0
DA:53,0
DA:56,0
DA:58,0
DA:60,0
DA:62,0
DA:65,0
DA:66,0
DA:70,0
DA:71,0
DA:75,0
DA:77,0
DA:78,0
DA:103,1
DA:104,1
DA:115,1
LF:25
LH:4
BRDA:13,0,0,0
BRDA:13,0,1,0
BRDA:20,1,0,0
BRDA:20,1,1,0
BRDA:49,2,0,0
BRDA:49,2,1,0
BRDA:93,3,0,0
BRDA:93,3,1,0
BRDA:97,4,0,0
BRDA:97,4,1,0
BRF:10
BRH:0
end_of_record
TN:
SF:/Users/se/www/maintined/rkta-ui/src/molecules/Button/style.js
FNF:0
FNH:0
LF:0
LH:0
BRF:0
BRH:0
end_of_record
TN:
SF:/Users/se/www/maintined/rkta-ui/src/molecules/Input/index.jsx
FN:7,(anonymous_0)
FN:38,(anonymous_1)
FN:42,(anonymous_2)
FN:46,(anonymous_3)
FN:74,(anonymous_4)
FN:75,(anonymous_5)
FN:76,(anonymous_6)
FNF:7
FNH:0
FNDA:0,(anonymous_0)
FNDA:0,(anonymous_1)
FNDA:0,(anonymous_2)
FNDA:0,(anonymous_3)
FNDA:0,(anonymous_4)
FNDA:0,(anonymous_5)
FNDA:0,(anonymous_6)
DA:7,1
DA:19,0
DA:20,0
DA:21,0
DA:22,0
DA:23,0
DA:24,0
DA:25,0
DA:39,0
DA:40,0
DA:43,0
DA:44,0
DA:47,0
DA:48,0
DA:59,1
DA:60,1
DA:71,1
LF:17
LH:4
BRDA:20,0,0,0
BRDA:20,0,1,0
BRDA:22,1,0,0
BRDA:22,1,1,0
BRDA:23,2,0,0
BRDA:23,2,1,0
BRDA:23,2,2,0
BRDA:24,3,0,0
BRDA:24,3,1,0
BRF:9
BRH:0
end_of_record
TN:
SF:/Users/se/www/maintined/rkta-ui/src/molecules/Input/Base/Label.jsx
FN:7,(anonymous_0)
FN:9,(anonymous_1)
FNF:2
FNH:0
FNDA:0,(anonymous_0)
FNDA:0,(anonymous_1)
DA:7,0
DA:10,0
DA:11,0
DA:35,1
DA:42,1
LF:5
LH:2
BRDA:16,0,0,0
BRDA:16,0,1,0
BRDA:25,1,0,0
BRDA:25,1,1,0
BRDA:25,2,0,0
BRDA:25,2,1,0
BRF:6
BRH:0
end_of_record
TN:
SF:/Users/se/www/maintined/rkta-ui/src/molecules/Input/Base/index.jsx
FN:9,(anonymous_0)
FNF:1
FNH:0
FNDA:0,(anonymous_0)
DA:9,1
DA:21,0
DA:42,1
DA:46,1
LF:4
LH:3
BRDA:26,0,0,0
BRDA:26,0,1,0
BRDA:29,1,0,0
BRDA:29,1,1,0
BRF:4
BRH:0
end_of_record
TN:
SF:/Users/se/www/maintined/rkta-ui/src/molecules/Input/Base/style.js
FNF:0
FNH:0
LF:0
LH:0
BRF:0
BRH:0
end_of_record
TN:
SF:/Users/se/www/maintined/rkta-ui/src/molecules/Input/Container/index.jsx
FN:7,(anonymous_0)
FNF:1
FNH:0
FNDA:0,(anonymous_0)
DA:7,1
DA:8,0
DA:9,0
DA:10,0
DA:18,0
DA:25,1
LF:6
LH:2
BRDA:8,0,0,0
BRDA:8,0,1,0
BRDA:9,1,0,0
BRDA:9,1,1,0
BRF:4
BRH:0
end_of_record
TN:
SF:/Users/se/www/maintined/rkta-ui/src/molecules/Input/Outline/index.jsx
FN:8,(anonymous_0)
FNF:1
FNH:0
FNDA:0,(anonymous_0)
DA:8,1
DA:9,0
DA:28,1
DA:29,1
LF:4
LH:3
BRDA:21,0,0,0
BRDA:21,0,1,0
BRF:2
BRH:0
end_of_record
TN:
SF:/Users/se/www/maintined/rkta-ui/src/molecules/Input/Outline/style.js
FNF:0
FNH:0
LF:0
LH:0
BRF:0
BRH:0
end_of_record
TN:
SF:/Users/se/www/maintined/rkta-ui/src/molecules/List/List.jsx
FN:6,(anonymous_0)
FNF:1
FNH:0
FNDA:0,(anonymous_0)
DA:6,1
DA:8,1
LF:2
LH:2
BRF:0
BRH:0
end_of_record
TN:
SF:/Users/se/www/maintined/rkta-ui/src/molecules/List/index.js
FNF:0
FNH:0
LF:0
LH:0
BRF:0
BRH:0
end_of_record
TN:
SF:/Users/se/www/maintined/rkta-ui/src/molecules/List/style.js
FNF:0
FNH:0
LF:0
LH:0
BRF:0
BRH:0
end_of_record
TN:
SF:/Users/se/www/maintined/rkta-ui/src/molecules/List/Button/index.jsx
FN:6,(anonymous_0)
FNF:1
FNH:0
FNDA:0,(anonymous_0)
DA:6,1
DA:7,0
DA:10,1
LF:3
LH:2
BRF:0
BRH:0
end_of_record
TN:
SF:/Users/se/www/maintined/rkta-ui/src/molecules/List/Item/Item.jsx
FN:9,(anonymous_0)
FNF:1
FNH:0
FNDA:0,(anonymous_0)
DA:9,1
DA:20,0
DA:31,1
DA:32,1
DA:40,1
LF:5
LH:4
BRDA:21,0,0,0
BRDA:21,0,1,0
BRF:2
BRH:0
end_of_record
TN:
SF:/Users/se/www/maintined/rkta-ui/src/molecules/List/Item/index.js
FNF:0
FNH:0
LF:0
LH:0
BRF:0
BRH:0
end_of_record
TN:
SF:/Users/se/www/maintined/rkta-ui/src/molecules/List/Item/style.js
FNF:0
FNH:0
LF:0
LH:0
BRF:0
BRH:0
end_of_record
TN:
SF:/Users/se/www/maintined/rkta-ui/src/molecules/List/Item/Body/index.jsx
FN:8,(anonymous_0)
FNF:1
FNH:0
FNDA:0,(anonymous_0)
DA:8,1
DA:9,0
DA:19,1
DA:20,1
DA:25,1
LF:5
LH:4
BRDA:10,0,0,0
BRDA:10,0,1,0
BRDA:13,1,0,0
BRDA:13,1,1,0
BRF:4
BRH:0
end_of_record
TN:
SF:/Users/se/www/maintined/rkta-ui/src/molecules/List/Item/Body/style.js
FNF:0
FNH:0
LF:0
LH:0
BRF:0
BRH:0
end_of_record
TN:
SF:/Users/se/www/maintined/rkta-ui/src/molecules/Spinner/index.jsx
FN:21,(anonymous_0)
FN:38,(anonymous_1)
FNF:2
FNH:0
FNDA:0,(anonymous_0)
FNDA:0,(anonymous_1)
DA:7,1
DA:21,1
DA:38,1
DA:39,0
DA:45,1
DA:46,1
DA:55,1
LF:7
LH:6
BRF:0
BRH:0
end_of_record
TN:
SF:/Users/se/www/maintined/rkta-ui/src/molecules/Spinner/style.js
FNF:0
FNH:0
LF:0
LH:0
BRF:0
BRH:0
end_of_record
TN:
SF:/Users/se/www/maintined/rkta-ui/src/util/css.js
FN:2,(anonymous_0)
FNF:1
FNH:1
FNDA:15,(anonymous_0)
DA:2,15
LF:1
LH:1
BRF:0
BRH:0
end_of_record
TN:
SF:/Users/se/www/maintined/rkta-ui/src/util/invariant.js
FN:1,(anonymous_0)
FNF:1
FNH:0
FNDA:0,(anonymous_0)
DA:2,0
LF:1
LH:0
BRDA:2,0,0,0
BRDA:2,0,1,0
BRF:2
BRH:0
end_of_record
